Log file open, 12/31/17 11:21:42
LogWindows: Failed to load 'aqProf.dll' (GetLastError=126)
LogWindows: File 'aqProf.dll' does not exist
LogWindows: Failed to load 'VtuneApi.dll' (GetLastError=126)
LogWindows: File 'VtuneApi.dll' does not exist
LogWindows: Failed to load 'VtuneApi32e.dll' (GetLastError=126)
LogWindows: File 'VtuneApi32e.dll' does not exist
LogInit: Display: Running engine for game: Shooter2D
LogPlatformFile: Not using cached read wrapper
LogInit: Display: RandInit(-1672050541) SRandInit(-1672050541).
LogTaskGraph: Started task graph with 5 named threads and 14 total threads with 3 sets of task threads.
LogStats: Stats thread started at 0.699226
LogD3D11RHI: Aftermath initialized
LogPluginManager: Mounting plugin Paper2D
LogPluginManager: Mounting plugin LightPropagationVolume
LogPluginManager: Mounting plugin CodeLiteSourceCodeAccess
LogPluginManager: Mounting plugin GitSourceControl
LogPluginManager: Mounting plugin KDevelopSourceCodeAccess
LogPluginManager: Mounting plugin NullSourceCodeAccess
LogPluginManager: Mounting plugin PerforceSourceControl
LogPluginManager: Mounting plugin SubversionSourceControl
LogPluginManager: Mounting plugin UObjectPlugin
LogPluginManager: Mounting plugin VisualStudioSourceCodeAccess
LogPluginManager: Mounting plugin XCodeSourceCodeAccess
LogPluginManager: Mounting plugin AssetManagerEditor
LogPluginManager: Mounting plugin AudioCapture
LogPluginManager: Mounting plugin FacialAnimation
LogPluginManager: Mounting plugin GameplayTagsEditor
LogPluginManager: Mounting plugin MobileLauncherProfileWizard
LogPluginManager: Mounting plugin PluginBrowser
LogPluginManager: Mounting plugin SpeedTreeImporter
LogPluginManager: Mounting plugin AlembicImporter
LogPluginManager: Mounting plugin CharacterAI
LogPluginManager: Mounting plugin HTML5Networking
LogPluginManager: Mounting plugin AndroidMedia
LogPluginManager: Mounting plugin AvfMedia
LogPluginManager: Mounting plugin MediaPlayerEditor
LogPluginManager: Mounting plugin WmfMedia
LogPluginManager: Mounting plugin TcpMessaging
LogPluginManager: Mounting plugin UdpMessaging
LogPluginManager: Mounting plugin LevelSequenceEditor
LogPluginManager: Mounting plugin MatineeToLevelSequence
LogPluginManager: Mounting plugin OnlineSubsystemGooglePlay
LogPluginManager: Mounting plugin OnlineSubsystemIOS
LogPluginManager: Mounting plugin OnlineSubsystem
LogPluginManager: Mounting plugin OnlineSubsystemNull
LogPluginManager: Mounting plugin OnlineSubsystemUtils
LogPluginManager: Mounting plugin AndroidDeviceProfileSelector
LogPluginManager: Mounting plugin AndroidMoviePlayer
LogPluginManager: Mounting plugin AndroidPermission
LogPluginManager: Mounting plugin AppleMoviePlayer
LogPluginManager: Mounting plugin ArchVisCharacter
LogPluginManager: Mounting plugin CableComponent
LogPluginManager: Mounting plugin CustomMeshComponent
LogPluginManager: Mounting plugin ExampleDeviceProfileSelector
LogPluginManager: Mounting plugin GoogleCloudMessaging
LogPluginManager: Mounting plugin ImmediatePhysics
LogPluginManager: Mounting plugin IOSDeviceProfileSelector
LogPluginManager: Mounting plugin LinuxDeviceProfileSelector
LogPluginManager: Mounting plugin LocationServicesBPLibrary
LogPluginManager: Mounting plugin MobilePatchingUtils
LogPluginManager: Mounting plugin OculusVR
LogPluginManager: Mounting plugin PhysXVehicles
LogPluginManager: Mounting plugin ProceduralMeshComponent
LogPluginManager: Mounting plugin RuntimePhysXCooking
LogPluginManager: Mounting plugin SteamVR
LogPluginManager: Mounting plugin WindowsMoviePlayer
LogInit: Using libcurl 7.47.1
LogInit:  - built for x86_64-pc-win32
LogInit:  - supports SSL with OpenSSL/1.0.2g
LogInit:  - supports HTTP deflate (compression) using libz 1.2.8
LogInit:  - other features:
LogInit:      CURL_VERSION_SSL
LogInit:      CURL_VERSION_LIBZ
LogInit:      CURL_VERSION_IPV6
LogInit:      CURL_VERSION_ASYNCHDNS
LogInit:      CURL_VERSION_LARGEFILE
LogInit:      CURL_VERSION_IDN
LogInit:  CurlRequestOptions (configurable via config and command line):
LogInit:  - bVerifyPeer = false  - Libcurl will NOT verify peer certificate
LogInit:  - bUseHttpProxy = false  - Libcurl will NOT use HTTP proxy
LogInit:  - bDontReuseConnections = false  - Libcurl will reuse connections
LogInit:  - CertBundlePath = nullptr  - Libcurl will use whatever was configured at build time.
LogInit: Build: ++UE4+Release-4.17-CL-3658906
LogInit: Engine Version: 4.17.2-3658906+++UE4+Release-4.17
LogInit: Compatible Engine Version: 4.17.0-3573198+++UE4+Release-4.17
LogInit: Net CL: 3573198
LogDevObjectVersion: Number of dev versions registered: 16
LogDevObjectVersion:   Dev-Blueprints (B0D832E4-1F89-4F0D-ACCF-7EB736FD4AA2): 10
LogDevObjectVersion:   Dev-Build (E1C64328-A22C-4D53-A36C-8E866417BD8C): 0
LogDevObjectVersion:   Dev-Core (375EC13C-06E4-48FB-B500-84F0262A717E): 2
LogDevObjectVersion:   Dev-Editor (E4B068ED-F494-42E9-A231-DA0B2E46BB41): 20
LogDevObjectVersion:   Dev-Framework (CFFC743F-43B0-4480-9391-14DF171D2073): 28
LogDevObjectVersion:   Dev-Mobile (B02B49B5-BB20-44E9-A304-32B752E40360): 0
LogDevObjectVersion:   Dev-Networking (A4E4105C-59A1-49B5-A7C5-40C4547EDFEE): 0
LogDevObjectVersion:   Dev-Online (39C831C9-5AE6-47DC-9A44-9C173E1C8E7C): 0
LogDevObjectVersion:   Dev-Physics (78F01B33-EBEA-4F98-B9B4-84EACCB95AA2): 0
LogDevObjectVersion:   Dev-Platform (6631380F-2D4D-43E0-8009-CF276956A95A): 0
LogDevObjectVersion:   Dev-Rendering (12F88B9F-8875-4AFC-A67C-D90C383ABD29): 19
LogDevObjectVersion:   Dev-Sequencer (7B5AE74C-D270-4C10-A958-57980B212A5A): 4
LogDevObjectVersion:   Dev-VR (D7296918-1DD6-4BDD-9DE2-64A83CC13884): 0
LogDevObjectVersion:   Dev-LoadTimes (C2A15278-BFE7-4AFE-6C17-90FF531DF755): 1
LogDevObjectVersion:   Private-Geometry (6EACA3D4-40EC-4CC1-B786-8BED09428FC5): 1
LogDevObjectVersion:   Dev-AnimPhys (29E575DD-E0A3-4627-9D10-D276232CDCEA): 7
LogInit: Compiled (64-bit): Sep 22 2017 13:47:16
LogInit: Compiled with Visual C++: 19.00.24215.01
LogInit: Build Configuration: Development
LogInit: Branch Name: ++UE4+Release-4.17
LogInit: Command line:  
LogInit: Base directory: C:/Program Files/Epic Games/UE_4.17/Engine/Binaries/Win64/
LogInit: Installed Engine Build: 1
LogInit: Presizing for max 8388607 objects, including 0 objects not considered by GC, pre-allocating 0 bytes for permanent pool.
LogInit: Object subsystem initialized
[2017.12.31-19.21.43:558][  0]LogInit: Selected Device Profile: [Windows]
[2017.12.31-19.21.43:558][  0]LogInit: Applying CVar settings loaded from the selected device profile: [Windows]
[2017.12.31-19.21.43:583][  0]LogInit: Computer: DESKTOP-A54SF20
[2017.12.31-19.21.43:583][  0]LogInit: User: Justi
[2017.12.31-19.21.43:583][  0]LogInit: CPU Page size=4096, Cores=4
[2017.12.31-19.21.43:583][  0]LogInit: High frequency timer resolution =3.318391 MHz
[2017.12.31-19.21.43:583][  0]LogMemory: Memory total: Physical=15.9GB (16GB approx)
[2017.12.31-19.21.43:583][  0]LogMemory: Platform Memory Stats for Windows
[2017.12.31-19.21.43:583][  0]LogMemory: Process Physical Memory: 281.19 MB used, 281.19 MB peak
[2017.12.31-19.21.43:583][  0]LogMemory: Process Virtual Memory: 282.26 MB used, 282.26 MB peak
[2017.12.31-19.21.43:583][  0]LogMemory: Physical Memory: 4724.63 MB used,  11596.77 MB free, 16321.41 MB total
[2017.12.31-19.21.43:583][  0]LogMemory: Virtual Memory: 710.05 MB used,  11596.77 MB free, 134217728.00 MB total
[2017.12.31-19.21.43:924][  0]LogInit: Using OS detected language (en-US).
[2017.12.31-19.21.43:924][  0]LogInit: Using OS detected locale (en-US).
[2017.12.31-19.21.43:984][  0]LogTextLocalizationManager: No specific localization for 'en-US' exists, so the 'en' localization will be used.
[2017.12.31-19.21.46:632][  0]LogD3D11RHI: D3D11 adapters:
[2017.12.31-19.21.46:672][  0]LogD3D11RHI:    0. 'NVIDIA GeForce GTX 780' (Feature Level 11_0)
[2017.12.31-19.21.46:672][  0]LogD3D11RHI:       3039/0/8160 MB DedicatedVideo/DedicatedSystem/SharedSystem, Outputs:2, VendorId:0x10de
[2017.12.31-19.21.46:673][  0]LogD3D11RHI:    1. 'Microsoft Basic Render Driver' (Feature Level 11_0)
[2017.12.31-19.21.46:673][  0]LogD3D11RHI:       0/0/8160 MB DedicatedVideo/DedicatedSystem/SharedSystem, Outputs:0, VendorId:0x1414
[2017.12.31-19.21.46:673][  0]LogD3D11RHI: Chosen D3D11 Adapter: 0
[2017.12.31-19.21.46:679][  0]LogD3D11RHI: Creating new Direct3DDevice
[2017.12.31-19.21.46:679][  0]LogD3D11RHI:     GPU DeviceId: 0x1004 (for the marketing name, search the web for "GPU Device Id")
[2017.12.31-19.21.46:679][  0]LogWindows: EnumDisplayDevices:
[2017.12.31-19.21.46:680][  0]LogWindows:    0. 'NVIDIA GeForce GTX 780' (P:1 D:1)
[2017.12.31-19.21.46:680][  0]LogWindows:    1. 'NVIDIA GeForce GTX 780' (P:0 D:1)
[2017.12.31-19.21.46:680][  0]LogWindows:    2. 'NVIDIA GeForce GTX 780' (P:0 D:0)
[2017.12.31-19.21.46:680][  0]LogWindows:    3. 'NVIDIA GeForce GTX 780' (P:0 D:0)
[2017.12.31-19.21.46:680][  0]LogWindows: DebugString: GetVideoDriverDetailsInvalid PrimaryIsNotTheChoosenAdapter GetVideoDriverDetailsInvalid PrimaryIsNotTheChoosenAdapter GetVideoDriverDetailsInvalid PrimaryIsNotTheChoosenAdapter GetVideoDriverDetailsInvalid PrimaryIsNotTheChoosenAdapter FoundDriverCount:0 
[2017.12.31-19.21.46:680][  0]LogD3D11RHI:     Adapter Name: NVIDIA GeForce GTX 780
[2017.12.31-19.21.46:680][  0]LogD3D11RHI:   Driver Version: Unknown (internal:Unknown, unified:Unknown)
[2017.12.31-19.21.46:680][  0]LogD3D11RHI:      Driver Date: Unknown
[2017.12.31-19.21.46:680][  0]LogRHI: Texture pool is 1361 MB (70% of 1945 MB)
[2017.12.31-19.21.46:700][  0]LogD3D11RHI: Async texture creation enabled
[2017.12.31-19.21.46:731][  0]LogD3D11RHI: GPU Timing Frequency: 1000.000000 (Debug: 2 1)
[2017.12.31-19.21.46:785][  0]LogShaderCompilers: Guid format shader working directory is -31 characters bigger than the processId version (../../../../../../Users/Justi/Desktop/unreal_projects/2DShooterGame/Shooter2D/Intermediate/Shaders/WorkingDirectory/4536/).
[2017.12.31-19.21.46:785][  0]LogShaderCompilers: Cleaned the shader compiler working directory 'C:/Users/Justi/AppData/Local/Temp/UnrealShaderWorkingDir/B5BB062F48274B4767024D81D93D1F66/'.
[2017.12.31-19.21.46:786][  0]LogShaderCompilers: Display: Using Local Shader Compiler.
[2017.12.31-19.21.48:879][  0]LogTemp: Display: Loaded TP AllDesktopTargetPlatform
[2017.12.31-19.21.48:924][  0]LogTemp: Display: Loaded TP MacClientTargetPlatform
[2017.12.31-19.21.48:968][  0]LogTemp: Display: Loaded TP MacNoEditorTargetPlatform
[2017.12.31-19.21.49:013][  0]LogTemp: Display: Loaded TP MacServerTargetPlatform
[2017.12.31-19.21.49:061][  0]LogTemp: Display: Loaded TP MacTargetPlatform
[2017.12.31-19.21.49:107][  0]LogTemp: Display: Loaded TP WindowsClientTargetPlatform
[2017.12.31-19.21.49:151][  0]LogTemp: Display: Loaded TP WindowsNoEditorTargetPlatform
[2017.12.31-19.21.49:196][  0]LogTemp: Display: Loaded TP WindowsServerTargetPlatform
[2017.12.31-19.21.49:237][  0]LogTemp: Display: Loaded TP WindowsTargetPlatform
[2017.12.31-19.21.49:285][  0]LogTemp: Display: Loaded TP AndroidTargetPlatform
[2017.12.31-19.21.49:328][  0]LogTemp: Display: Loaded TP Android_ASTCTargetPlatform
[2017.12.31-19.21.49:373][  0]LogTemp: Display: Loaded TP Android_ATCTargetPlatform
[2017.12.31-19.21.49:420][  0]LogTemp: Display: Loaded TP Android_DXTTargetPlatform
[2017.12.31-19.21.49:464][  0]LogTemp: Display: Loaded TP Android_ETC1TargetPlatform
[2017.12.31-19.21.49:507][  0]LogTemp: Display: Loaded TP Android_ETC2TargetPlatform
[2017.12.31-19.21.49:597][  0]LogTemp: Display: Loaded TP Android_MultiTargetPlatform
[2017.12.31-19.21.49:597][  0]LogTemp: Display: Loaded TP Android_PVRTCTargetPlatform
[2017.12.31-19.21.49:632][  0]LogTemp: Display: Loaded TP HTML5TargetPlatform
[2017.12.31-19.21.49:723][  0]LogTemp: Display: Loaded TP IOSTargetPlatform
[2017.12.31-19.21.49:750][  0]LogTemp: Display: Loaded TP TVOSTargetPlatform
[2017.12.31-19.21.49:795][  0]LogTemp: Display: Loaded TP LinuxClientTargetPlatform
[2017.12.31-19.21.49:841][  0]LogTemp: Display: Loaded TP LinuxNoEditorTargetPlatform
[2017.12.31-19.21.49:884][  0]LogTemp: Display: Loaded TP LinuxServerTargetPlatform
[2017.12.31-19.21.49:933][  0]LogTemp: Display: Loaded TP LinuxTargetPlatform
[2017.12.31-19.21.49:933][  0]LogTargetPlatformManager: Display: Building Assets For Windows
[2017.12.31-19.21.50:488][  0]LogDerivedDataCache: Display: Max Cache Size: 512 MB
[2017.12.31-19.21.50:901][  0]LogDerivedDataCache: Loaded boot cache 0.41s 93MB C:/Users/Justi/AppData/Local/UnrealEngine/4.17/DerivedDataCache/Boot.ddc.
[2017.12.31-19.21.50:901][  0]LogDerivedDataCache: Display: Loaded Boot cache: C:/Users/Justi/AppData/Local/UnrealEngine/4.17/DerivedDataCache/Boot.ddc
[2017.12.31-19.21.50:901][  0]LogDerivedDataCache: FDerivedDataBackendGraph:  Pak pak cache file ../../../../../../Users/Justi/Desktop/unreal_projects/2DShooterGame/Shooter2D/DerivedDataCache/DDC.ddp not found, will not use a pak cache.
[2017.12.31-19.21.50:901][  0]LogDerivedDataCache: Unable to find inner node Pak for hierarchical cache Hierarchy.
[2017.12.31-19.21.50:902][  0]LogDerivedDataCache: FDerivedDataBackendGraph:  CompressedPak pak cache file ../../../../../../Users/Justi/Desktop/unreal_projects/2DShooterGame/Shooter2D/DerivedDataCache/Compressed.ddp not found, will not use a pak cache.
[2017.12.31-19.21.50:902][  0]LogDerivedDataCache: Unable to find inner node CompressedPak for hierarchical cache Hierarchy.
[2017.12.31-19.21.50:927][  0]LogDerivedDataCache: Display: Pak cache opened for reading ../../../Engine/DerivedDataCache/Compressed.ddp.
[2017.12.31-19.21.50:939][  0]LogDerivedDataCache: Using Local data cache path C:/Users/Justi/AppData/Local/UnrealEngine/Common/DerivedDataCache: Writable
[2017.12.31-19.21.50:951][  0]LogMaterial: Verifying Global Shaders for PCD3D_SM5
[2017.12.31-19.21.50:956][  0]LogSlate: Using Freetype 2.6.0
[2017.12.31-19.21.50:973][  0]LogSlate: SlateFontCache - WITH_FREETYPE: 1, WITH_HARFBUZZ: 1
[2017.12.31-19.21.50:974][  0]LogSlate: SlateFontCache - WITH_FREETYPE: 1, WITH_HARFBUZZ: 1
[2017.12.31-19.21.51:984][  0]LogAssetRegistry: FAssetRegistry took 0.0288 seconds to start up
[2017.12.31-19.21.52:150][  0]LogInit: Selected Device Profile: [Windows]
[2017.12.31-19.21.52:548][  0]LogContentStreaming: Texture pool size is 0.00 MB
[2017.12.31-19.21.52:930][  0]LogSimplygon: Simplygon DLL not present - disabling.
[2017.12.31-19.21.52:967][  0]LogMeshReduction: Using SimplygonSwarm for distributed automatic mesh merging
[2017.12.31-19.21.52:968][  0]LogMeshReduction: Using QuadricMeshReduction for automatic static mesh reduction
[2017.12.31-19.21.52:968][  0]LogMeshReduction: No automatic skeletal mesh reduction module available
[2017.12.31-19.21.52:968][  0]LogMeshReduction: No automatic mesh merging module available
[2017.12.31-19.21.52:968][  0]LogMeshMerging: No automatic mesh merging module available
[2017.12.31-19.21.53:646][  0]LogNetVersion: Shooter2D , NetCL: 3573198, EngineNetVer: 2, GameNetVer: 0 (Checksum: 417512241)
[2017.12.31-19.21.54:095][  0]LogPackageLocalizationCache: Processed 5 localized package path(s) for 2 prioritized culture(s) in 0.049584 seconds
[2017.12.31-19.21.54:108][  0]LogUObjectArray: 35825 objects as part of root set at end of initial load.
[2017.12.31-19.21.54:108][  0]LogUObjectAllocator: 7529112 out of 0 bytes used by permanent object pool.
[2017.12.31-19.21.54:111][  0]LogUObjectArray: CloseDisregardForGC: 0/0 objects in disregard for GC pool
[2017.12.31-19.21.54:174][  0]LogInit: WinSock: version 1.1 (2.2), MaxSocks=32767, MaxUdp=65467
[2017.12.31-19.21.59:032][  0]LogTcpMessaging: Initializing TcpMessaging bridge
[2017.12.31-19.21.59:070][  0]LogUdpMessaging: Initializing bridge on interface 0.0.0.0:0 to multicast group 230.0.0.1:6666.
[2017.12.31-19.21.59:720][  0]LogMaterial: Uniform references updated for custom material expression Custom.
[2017.12.31-19.22.00:116][  0]SourceControl: Source control is disabled
[2017.12.31-19.22.01:376][  0]LogAndroidPermission: UAndroidPermissionCallbackProxy::GetInstance
[2017.12.31-19.22.01:591][  0]LogOcInput: OculusInput pre-init called
[2017.12.31-19.22.01:850][  0]LogEngine: Initializing Engine...
[2017.12.31-19.22.01:855][  0]LogHMD: Failed to initialize OpenVR with code 110
[2017.12.31-19.22.02:073][  0]LogStats: UGameplayTagsManager::ConstructGameplayTagTree: Construct from data asset -  0.000 s
[2017.12.31-19.22.02:073][  0]LogStats: UGameplayTagsManager::ConstructGameplayTagTree: GameplayTagTreeChangedEvent.Broadcast -  0.000 s
[2017.12.31-19.22.02:222][  0]LogAIModule: Creating AISystem for world Untitled
[2017.12.31-19.22.02:246][  0]LogInit: XAudio2 using 'Headset Earphone (HyperX 7.1 Audio)' : 2 channels at 44.1 kHz using 16 bits per sample (channel mask 0x3)
[2017.12.31-19.22.02:284][  0]LogInit: FAudioDevice initialized.
[2017.12.31-19.22.02:370][  0]LogDerivedDataCache: Saved boot cache 0.08s 93MB C:/Users/Justi/AppData/Local/UnrealEngine/4.17/DerivedDataCache/Boot.ddc.
[2017.12.31-19.22.02:379][  0]LogInit: Texture streaming: Enabled
[2017.12.31-19.22.02:482][  0]LogEngineSessionManager: EngineSessionManager initialized
[2017.12.31-19.22.02:743][  0]LogInit: Transaction tracking system initialized
[2017.12.31-19.22.03:043][  0]BlueprintLog: New page: Editor Load
[2017.12.31-19.22.04:002][  0]LocalizationService: Localization service is disabled
[2017.12.31-19.22.04:839][  0]LogConsoleResponse: Display: 
[2017.12.31-19.22.05:121][  0]LogCook: Display: Max memory allowance for cook 16384mb min free memory 0mb
[2017.12.31-19.22.05:121][  0]LogCook: Display: Mobile HDR setting 1
[2017.12.31-19.22.05:123][  0]LogGameplayTags: Display: UGameplayTagsManager::DoneAddingNativeTags. DelegateIsBound: 0
[2017.12.31-19.22.05:764][  0]LogFileCache: Scanning file cache for directory 'C:/Users/Justi/Desktop/unreal_projects/2DShooterGame/Shooter2D/Content/' took 0.03s
[2017.12.31-19.22.06:147][  0]Cmd: MAP LOAD FILE="../../../../../../Users/Justi/Desktop/unreal_projects/2DShooterGame/Shooter2D/Content/Levels/new_map.umap" TEMPLATE=0 SHOWPROGRESS=1 FEATURELEVEL=3
[2017.12.31-19.22.06:149][  0]LightingResults: New page: Lighting Build
[2017.12.31-19.22.06:197][  0]MapCheck: New page: Map Check
[2017.12.31-19.22.06:197][  0]LightingResults: New page: Lighting Build
[2017.12.31-19.22.11:367][  0]LogAIModule: Creating AISystem for world new_map
[2017.12.31-19.22.11:417][  0]LogEditorServer: Finished looking for orphan Actors (0.000 secs)
[2017.12.31-19.22.11:445][  0]Cmd: MAP CHECKDEP NOCLEARLOG
[2017.12.31-19.22.11:624][  0]MapCheck: Map check complete: 0 Error(s), 0 Warning(s), took 178.894ms to complete.
[2017.12.31-19.22.11:626][  0]LogFileHelpers: Loading map 'new_map' took 5.481
[2017.12.31-19.22.11:809][  0]LogCollectionManager: Loaded 0 collections in 0.001420 seconds
[2017.12.31-19.22.11:964][  0]LogFileCache: Scanning file cache for directory 'C:/Users/Justi/Desktop/unreal_projects/2DShooterGame/Shooter2D/Saved/Collections/' took 0.01s
[2017.12.31-19.22.11:964][  0]LogFileCache: Scanning file cache for directory 'C:/Users/Justi/Desktop/unreal_projects/2DShooterGame/Shooter2D/Content/Developers/Justi/Collections/' took 0.01s
[2017.12.31-19.22.11:964][  0]LogFileCache: Scanning file cache for directory 'C:/Users/Justi/Desktop/unreal_projects/2DShooterGame/Shooter2D/Content/Collections/' took 0.01s
[2017.12.31-19.22.11:964][  0]LogCollectionManager: Rebuilt the GUID cache for 0 collections in 0.000000 seconds
[2017.12.31-19.22.11:976][  0]LogContentBrowser: Native class hierarchy populated in 0.0099 seconds. Added 2386 classes and 500 folders.
[2017.12.31-19.22.12:045][  0]LogContentBrowser: Native class hierarchy updated for 'WidgetCarousel' in 0.0006 seconds. Added 0 classes and 0 folders.
[2017.12.31-19.22.12:397][  0]LogContentBrowser: Native class hierarchy updated for 'AddContentDialog' in 0.0005 seconds. Added 0 classes and 0 folders.
[2017.12.31-19.22.12:532][  0]LogContentBrowser: Native class hierarchy updated for 'SceneOutliner' in 0.0006 seconds. Added 1 classes and 2 folders.
[2017.12.31-19.22.12:723][  0]LogSlate: Took 0.021675 seconds to synchronously load lazily loaded font '../../../Engine/Content/Slate/Fonts/Roboto-Regular.ttf' (155K)
[2017.12.31-19.22.12:729][  0]LogSlate: Took 0.004360 seconds to synchronously load lazily loaded font '../../../Engine/Content/Slate/Fonts/Roboto-Bold.ttf' (160K)
[2017.12.31-19.22.12:736][  0]LogSlate: Took 0.005266 seconds to synchronously load lazily loaded font '../../../Engine/Content/Editor/Slate/Fonts/FontAwesome.ttf' (139K)
[2017.12.31-19.22.12:880][  0]LogRenderer: Reallocating scene render targets to support 1044x924 Format 10 NumSamples 1 (Frame:1).
[2017.12.31-19.22.13:125][  0]LogContentBrowser: Native class hierarchy updated for 'HierarchicalLODOutliner' in 0.0006 seconds. Added 1 classes and 2 folders.
[2017.12.31-19.22.13:125][  0]LogLoad: (Engine Initialization) Total time: 32.83 seconds
[2017.12.31-19.22.13:125][  0]LogLoad: (Engine Initialization) Total Blueprint compile time: 0.00 seconds
[2017.12.31-19.22.13:126][  0]LogExternalProfiler: Found external profiler: VSPerf
[2017.12.31-19.22.13:126][  0]LogExternalProfiler: Using external profiler: VSPerf
[2017.12.31-19.22.13:165][  0]SourceControl: On branch master
[2017.12.31-19.22.13:166][  0]SourceControl: Your branch is up-to-date with 'origin/master'.
[2017.12.31-19.22.13:166][  0]SourceControl: Changes not staged for commit:
[2017.12.31-19.22.13:166][  0]SourceControl:   (use "git add <file>..." to update what will be committed)
[2017.12.31-19.22.13:166][  0]SourceControl:   (use "git checkout -- <file>..." to discard changes in working directory)
[2017.12.31-19.22.13:166][  0]SourceControl: 	modified:   Shooter2D/Intermediate/Config/CoalescedSourceConfigs/Engine.ini
[2017.12.31-19.22.13:166][  0]SourceControl: 	modified:   Shooter2D/Saved/Config/Windows/Engine.ini
[2017.12.31-19.22.13:166][  0]SourceControl: no changes added to commit (use "git add" and/or "git commit -a")
[2017.12.31-19.22.13:166][  0]LogContentStreaming: Texture pool size now 1000 MB
[2017.12.31-19.22.13:184][  0]LogSlate: Took 0.004706 seconds to synchronously load lazily loaded font '../../../Engine/Content/Slate/Fonts/Roboto-Light.ttf' (159K)
[2017.12.31-19.22.13:305][  2]LogAssetRegistry: Asset discovery search completed in 21.3441 seconds
[2017.12.31-19.22.13:310][  2]LogCollectionManager: Rebuilt the object cache for 0 collections in 0.000001 seconds (found 0 objects)
[2017.12.31-19.22.13:310][  2]LogCollectionManager: Fixed up redirectors for 0 collections in 0.000056 seconds (updated 0 objects)
[2017.12.31-19.22.14:159][ 72]LogSlate: Took 0.000163 seconds to synchronously load lazily loaded font '../../../Engine/Content/Slate/Fonts/Roboto-Light.ttf' (159K)
[2017.12.31-19.22.15:443][167]LogTemp: Repeating last play command: Selected Viewport
[2017.12.31-19.22.15:943][167]LogBlueprintUserMessages: Early PlayInEditor Detection: Level '/Game/Levels/new_map.new_map:PersistentLevel' has LevelScriptBlueprint '/Game/Levels/new_map.new_map:PersistentLevel.new_map' with GeneratedClass '/Game/Levels/new_map.new_map_C' with ClassGeneratedBy '/Game/Levels/new_map.new_map:PersistentLevel.new_map'
[2017.12.31-19.22.15:943][167]LogPlayLevel: PlayLevel: No blueprints needed recompiling
[2017.12.31-19.22.15:949][167]PIE: New page: PIE session: new_map (Dec 31, 2017, 3:22:15 AM)
[2017.12.31-19.22.15:950][167]LogPlayLevel: Creating play world package: /Game/Levels/UEDPIE_0_new_map
[2017.12.31-19.22.15:956][167]LogPlayLevel: PIE: StaticDuplicateObject took: (0.006084s)
[2017.12.31-19.22.15:957][167]LogAIModule: Creating AISystem for world new_map
[2017.12.31-19.22.15:957][167]LogPlayLevel: PIE: World Init took: (0.000836s)
[2017.12.31-19.22.15:958][167]LogPlayLevel: PIE: Created PIE world by copying editor world from /Game/Levels/new_map.new_map to /Game/Levels/UEDPIE_0_new_map.new_map (0.007942s)
[2017.12.31-19.22.15:999][167]LogInit: XAudio2 using 'Headset Earphone (HyperX 7.1 Audio)' : 2 channels at 44.1 kHz using 16 bits per sample (channel mask 0x3)
[2017.12.31-19.22.16:133][167]LogInit: FAudioDevice initialized.
[2017.12.31-19.22.16:182][167]LogLoad: Game class is 'mainGameMode_C'
[2017.12.31-19.22.16:192][167]LogWorld: Bringing World /Game/Levels/UEDPIE_0_new_map.new_map up for play (max tick rate 0) at 2017.12.31-11.22.16
[2017.12.31-19.22.16:194][167]LogWorld: Bringing up level for play took: 0.004998
[2017.12.31-19.22.16:236][167]LogContentBrowser: Native class hierarchy updated for 'MovieSceneCapture' in 0.0006 seconds. Added 11 classes and 0 folders.
[2017.12.31-19.22.16:236][167]LogGameMode: Display: Match State Changed from EnteringMap to WaitingToStart
[2017.12.31-19.22.16:236][167]LogGameState: Match State Changed from EnteringMap to WaitingToStart
[2017.12.31-19.22.16:236][167]LogGameMode: Display: Match State Changed from WaitingToStart to InProgress
[2017.12.31-19.22.16:250][167]LogGameState: Match State Changed from WaitingToStart to InProgress
[2017.12.31-19.22.16:251][167]PIE: Play in editor start time for /Game/Levels/UEDPIE_0_new_map 0.076
[2017.12.31-19.22.16:251][167]LogBlueprintUserMessages: Late PlayInEditor Detection: Level '/Game/Levels/new_map.new_map:PersistentLevel' has LevelScriptBlueprint '/Game/Levels/new_map.new_map:PersistentLevel.new_map' with GeneratedClass '/Game/Levels/new_map.new_map_C' with ClassGeneratedBy '/Game/Levels/new_map.new_map:PersistentLevel.new_map'
[2017.12.31-19.22.28:774][366]LogBlueprintUserMessages: Early EndPlayMap Detection: Level '/Game/Levels/new_map.new_map:PersistentLevel' has LevelScriptBlueprint '/Game/Levels/new_map.new_map:PersistentLevel.new_map' with GeneratedClass '/Game/Levels/new_map.new_map_C' with ClassGeneratedBy '/Game/Levels/new_map.new_map:PersistentLevel.new_map'
[2017.12.31-19.22.28:808][366]LogBlueprintUserMessages: Late EndPlayMap Detection: Level '/Game/Levels/new_map.new_map:PersistentLevel' has LevelScriptBlueprint '/Game/Levels/new_map.new_map:PersistentLevel.new_map' with GeneratedClass '/Game/Levels/new_map.new_map_C' with ClassGeneratedBy '/Game/Levels/new_map.new_map:PersistentLevel.new_map'
[2017.12.31-19.22.30:046][501]LogWindowsTextInputMethodSystem: Display: IME system now deactivated.
[2017.12.31-19.22.30:048][501]LogWindowsTextInputMethodSystem: Display: IME system now deactivated.
[2017.12.31-19.22.30:233][502]Cmd: QUIT_EDITOR
[2017.12.31-19.22.30:706][502]LogExit: Preparing to exit.
[2017.12.31-19.22.31:237][502]LogDirectoryWatcher: A directory notification for 'C:/Users/Justi/Desktop/unreal_projects/2DShooterGame/Shooter2D/Content/' was aborted.
[2017.12.31-19.22.31:295][502]LogExit: Editor shut down
[2017.12.31-19.22.31:303][502]LogExit: Transaction tracking system shut down
[2017.12.31-19.22.31:696][502]LogDirectoryWatcher: A directory notification for '../../../Engine/Content/' was aborted.
[2017.12.31-19.22.31:696][502]LogDirectoryWatcher: A directory notification for '../../../../../../Users/Justi/Desktop/unreal_projects/2DShooterGame/Shooter2D/Content/' was aborted.
[2017.12.31-19.22.31:696][502]LogDirectoryWatcher: A directory notification for '../../../Engine/Plugins/2D/Paper2D/Content/' was aborted.
[2017.12.31-19.22.31:696][502]LogDirectoryWatcher: A directory notification for '../../../Engine/Plugins/Runtime/Oculus/OculusVR/Content/' was aborted.
[2017.12.31-19.22.31:696][502]LogDirectoryWatcher: A directory notification for '../../../Engine/Plugins/Runtime/Steam/SteamVR/Content/' was aborted.
[2017.12.31-19.22.31:782][502]LogExit: Object subsystem successfully closed.
[2017.12.31-19.22.31:808][502]LogD3D11RHI: Shutdown
[2017.12.31-19.22.31:809][502]LogD3D11RHI: CleanupD3DDevice
[2017.12.31-19.22.31:923][502]LogD3D11RHI: ~FD3D11DynamicRHI
[2017.12.31-19.22.31:946][502]LogModuleManager: Shutting down and abandoning module MovieSceneCapture (532)
[2017.12.31-19.22.31:946][502]LogModuleManager: Shutting down and abandoning module HierarchicalLODOutliner (530)
[2017.12.31-19.22.31:946][502]LogModuleManager: Shutting down and abandoning module SceneOutliner (528)
[2017.12.31-19.22.31:946][502]LogModuleManager: Shutting down and abandoning module AddContentDialog (526)
[2017.12.31-19.22.31:946][502]LogDirectoryWatcher: A directory notification for 'C:/Program Files/Epic Games/UE_4.17/FeaturePacks/' was aborted.
[2017.12.31-19.22.31:947][502]LogModuleManager: Shutting down and abandoning module WidgetCarousel (525)
[2017.12.31-19.22.31:947][502]LogModuleManager: Shutting down and abandoning module EditorWidgets (522)
[2017.12.31-19.22.31:947][502]LogModuleManager: Shutting down and abandoning module CollectionManager (520)
[2017.12.31-19.22.31:947][502]LogDirectoryWatcher: A directory notification for 'C:/Users/Justi/Desktop/unreal_projects/2DShooterGame/Shooter2D/Content/Collections/' was aborted.
[2017.12.31-19.22.31:947][502]LogDirectoryWatcher: A directory notification for 'C:/Users/Justi/Desktop/unreal_projects/2DShooterGame/Shooter2D/Content/Developers/Justi/Collections/' was aborted.
[2017.12.31-19.22.31:947][502]LogDirectoryWatcher: A directory notification for 'C:/Users/Justi/Desktop/unreal_projects/2DShooterGame/Shooter2D/Saved/Collections/' was aborted.
[2017.12.31-19.22.31:947][502]LogModuleManager: Shutting down and abandoning module StatsViewer (518)
[2017.12.31-19.22.31:948][502]LogModuleManager: Shutting down and abandoning module FoliageEdit (516)
[2017.12.31-19.22.31:948][502]LogModuleManager: Shutting down and abandoning module LandscapeEditor (514)
[2017.12.31-19.22.31:948][502]LogModuleManager: Shutting down and abandoning module MeshPaintMode (512)
[2017.12.31-19.22.31:948][502]LogModuleManager: Shutting down and abandoning module SceneDepthPickerMode (510)
[2017.12.31-19.22.31:948][502]LogModuleManager: Shutting down and abandoning module ActorPickerMode (508)
[2017.12.31-19.22.31:948][502]LogModuleManager: Shutting down and abandoning module GeometryMode (506)
[2017.12.31-19.22.31:948][502]LogModuleManager: Shutting down and abandoning module TextureAlignMode (504)
[2017.12.31-19.22.31:948][502]LogModuleManager: Shutting down and abandoning module BspMode (502)
[2017.12.31-19.22.31:949][502]LogModuleManager: Shutting down and abandoning module PIEPreviewDeviceProfileSelector (500)
[2017.12.31-19.22.31:949][502]LogModuleManager: Shutting down and abandoning module HardwareSurvey (498)
[2017.12.31-19.22.31:949][502]LogModuleManager: Shutting down and abandoning module SequenceRecorderSections (496)
[2017.12.31-19.22.31:949][502]LogModuleManager: Shutting down and abandoning module AutomationWorker (494)
[2017.12.31-19.22.31:949][502]LogModuleManager: Shutting down and abandoning module MatineeToLevelSequence (492)
[2017.12.31-19.22.31:949][502]LogModuleManager: Shutting down and abandoning module LevelSequenceEditor (490)
[2017.12.31-19.22.31:951][502]LogModuleManager: Shutting down and abandoning module PlacementMode (489)
[2017.12.31-19.22.31:951][502]LogModuleManager: Shutting down and abandoning module WmfMediaFactory (486)
[2017.12.31-19.22.31:951][502]LogModuleManager: Shutting down and abandoning module WmfMediaEditor (484)
[2017.12.31-19.22.31:951][502]LogModuleManager: Shutting down and abandoning module AvfMediaFactory (482)
[2017.12.31-19.22.31:951][502]LogModuleManager: Shutting down and abandoning module AvfMediaEditor (480)
[2017.12.31-19.22.31:951][502]LogModuleManager: Shutting down and abandoning module AndroidMediaFactory (478)
[2017.12.31-19.22.31:951][502]LogModuleManager: Shutting down and abandoning module Media (477)
[2017.12.31-19.22.31:951][502]LogModuleManager: Shutting down and abandoning module AndroidMediaEditor (474)
[2017.12.31-19.22.31:951][502]LogModuleManager: Shutting down and abandoning module CharacterAI (472)
[2017.12.31-19.22.31:951][502]LogModuleManager: Shutting down and abandoning module AudioCapture (470)
[2017.12.31-19.22.31:951][502]LogModuleManager: Shutting down and abandoning module SequenceRecorder (469)
[2017.12.31-19.22.31:951][502]LogModuleManager: Shutting down and abandoning module SmartSnapping (466)
[2017.12.31-19.22.31:951][502]LogModuleManager: Shutting down and abandoning module SessionServices (464)
[2017.12.31-19.22.31:951][502]LogModuleManager: Shutting down and abandoning module ViewportSnapping (462)
[2017.12.31-19.22.31:951][502]LogModuleManager: Shutting down and abandoning module ViewportInteraction (460)
[2017.12.31-19.22.31:951][502]LogModuleManager: Shutting down and abandoning module ClothPainter (458)
[2017.12.31-19.22.31:953][502]LogModuleManager: Shutting down and abandoning module LogVisualizer (456)
[2017.12.31-19.22.31:953][502]LogModuleManager: Shutting down and abandoning module IntroTutorials (454)
[2017.12.31-19.22.31:953][502]LogModuleManager: Shutting down and abandoning module GameProjectGeneration (453)
[2017.12.31-19.22.31:954][502]LogModuleManager: Shutting down and abandoning module IOSPlatformEditor (450)
[2017.12.31-19.22.31:954][502]LogModuleManager: Shutting down and abandoning module HTML5PlatformEditor (448)
[2017.12.31-19.22.31:954][502]LogModuleManager: Shutting down and abandoning module AndroidPlatformEditor (446)
[2017.12.31-19.22.31:954][502]LogModuleManager: Shutting down and abandoning module AndroidDeviceDetection (445)
[2017.12.31-19.22.32:843][502]LogModuleManager: Shutting down and abandoning module WindowsPlatformEditor (442)
[2017.12.31-19.22.32:843][502]LogModuleManager: Shutting down and abandoning module IOSRuntimeSettings (440)
[2017.12.31-19.22.32:844][502]LogModuleManager: Shutting down and abandoning module AndroidRuntimeSettings (438)
[2017.12.31-19.22.32:844][502]LogModuleManager: Shutting down and abandoning module InputBindingEditor (436)
[2017.12.31-19.22.32:844][502]LogModuleManager: Shutting down and abandoning module MergeActors (434)
[2017.12.31-19.22.32:844][502]LogModuleManager: Shutting down and abandoning module SizeMap (432)
[2017.12.31-19.22.32:844][502]LogModuleManager: Shutting down and abandoning module TreeMap (430)
[2017.12.31-19.22.32:845][502]LogModuleManager: Shutting down and abandoning module ReferenceViewer (428)
[2017.12.31-19.22.32:845][502]LogModuleManager: Shutting down and abandoning module LocalizationDashboard (426)
[2017.12.31-19.22.32:845][502]LogModuleManager: Shutting down and abandoning module LocalizationService (425)
[2017.12.31-19.22.32:846][502]LogModuleManager: Shutting down and abandoning module HardwareTargeting (422)
[2017.12.31-19.22.32:846][502]LogModuleManager: Shutting down and abandoning module DeviceProfileEditor (420)
[2017.12.31-19.22.32:846][502]LogModuleManager: Shutting down and abandoning module UndoHistory (418)
[2017.12.31-19.22.32:846][502]LogModuleManager: Shutting down and abandoning module XmlParser (416)
[2017.12.31-19.22.32:846][502]LogModuleManager: Shutting down and abandoning module Blutility (414)
[2017.12.31-19.22.32:846][502]LogModuleManager: Shutting down and abandoning module ProjectSettingsViewer (412)
[2017.12.31-19.22.32:846][502]LogModuleManager: Shutting down and abandoning module ProjectTargetPlatformEditor (411)
[2017.12.31-19.22.32:846][502]LogModuleManager: Shutting down and abandoning module EditorSettingsViewer (408)
[2017.12.31-19.22.32:846][502]LogModuleManager: Shutting down and abandoning module SettingsEditor (406)
[2017.12.31-19.22.32:847][502]LogModuleManager: Shutting down and abandoning module ProjectLauncher (404)
[2017.12.31-19.22.32:847][502]LogModuleManager: Shutting down and abandoning module SessionFrontend (402)
[2017.12.31-19.22.32:848][502]LogModuleManager: Shutting down and abandoning module ProfilerClient (400)
[2017.12.31-19.22.32:848][502]LogModuleManager: Shutting down and abandoning module DeviceManager (398)
[2017.12.31-19.22.32:849][502]LogModuleManager: Shutting down and abandoning module TargetDeviceServices (397)
[2017.12.31-19.22.32:913][502]LogModuleManager: Shutting down and abandoning module AutomationController (394)
[2017.12.31-19.22.32:913][502]LogModuleManager: Shutting down and abandoning module AutomationWindow (392)
[2017.12.31-19.22.32:914][502]LogModuleManager: Shutting down and abandoning module Layers (390)
[2017.12.31-19.22.32:916][502]LogModuleManager: Shutting down and abandoning module ComponentVisualizers (388)
[2017.12.31-19.22.32:916][502]LogModuleManager: Shutting down and abandoning module DetailCustomizations (386)
[2017.12.31-19.22.32:916][502]LogModuleManager: Shutting down and abandoning module PackagesDialog (384)
[2017.12.31-19.22.32:917][502]LogModuleManager: Shutting down and abandoning module Persona (382)
[2017.12.31-19.22.32:918][502]LogModuleManager: Shutting down and abandoning module AdvancedPreviewScene (381)
[2017.12.31-19.22.32:918][502]LogModuleManager: Shutting down and abandoning module AnimGraph (379)
[2017.12.31-19.22.32:918][502]LogModuleManager: Shutting down and abandoning module Kismet (376)
[2017.12.31-19.22.32:919][502]LogModuleManager: Shutting down and abandoning module ClassViewer (374)
[2017.12.31-19.22.32:919][502]LogModuleManager: Shutting down and abandoning module Toolbox (372)
[2017.12.31-19.22.32:919][502]LogModuleManager: Shutting down and abandoning module ModuleUI (370)
[2017.12.31-19.22.32:919][502]LogModuleManager: Shutting down and abandoning module MovieSceneTools (368)
[2017.12.31-19.22.32:920][502]LogModuleManager: Shutting down and abandoning module OutputLog (366)
[2017.12.31-19.22.32:920][502]LogModuleManager: Shutting down and abandoning module GammaUI (364)
[2017.12.31-19.22.32:920][502]LogModuleManager: Shutting down and abandoning module Documentation (362)
[2017.12.31-19.22.32:920][502]LogModuleManager: Shutting down and abandoning module MovieSceneTracks (360)
[2017.12.31-19.22.32:920][502]LogModuleManager: Shutting down and abandoning module MovieScene (358)
[2017.12.31-19.22.32:920][502]LogModuleManager: Shutting down and abandoning module Niagara (356)
[2017.12.31-19.22.32:920][502]LogModuleManager: Shutting down and abandoning module NiagaraEditor (355)
[2017.12.31-19.22.32:921][502]LogModuleManager: Shutting down and abandoning module StreamingPauseRendering (352)
[2017.12.31-19.22.32:921][502]LogModuleManager: Shutting down and abandoning module LauncherPlatform (350)
[2017.12.31-19.22.32:921][502]LogModuleManager: Shutting down and abandoning module AnalyticsET (348)
[2017.12.31-19.22.32:922][502]LogModuleManager: Shutting down and abandoning module PortalServices (346)
[2017.12.31-19.22.32:922][502]LogModuleManager: Shutting down and abandoning module PortalRpc (344)
[2017.12.31-19.22.32:922][502]LogModuleManager: Shutting down and abandoning module MessagingRpc (342)
[2017.12.31-19.22.32:922][502]LogModuleManager: Shutting down and abandoning module AIModule (340)
[2017.12.31-19.22.32:922][502]LogModuleManager: Shutting down and abandoning module GameplayDebugger (339)
[2017.12.31-19.22.32:922][502]LogModuleManager: Shutting down and abandoning module AITestSuite (337)
[2017.12.31-19.22.32:922][502]LogModuleManager: Shutting down and abandoning module ProfilerService (334)
[2017.12.31-19.22.32:957][502]LogModuleManager: Shutting down and abandoning module TaskGraph (332)
[2017.12.31-19.22.32:958][502]LogModuleManager: Shutting down and abandoning module SteamVRController (330)
[2017.12.31-19.22.32:958][502]LogModuleManager: Shutting down and abandoning module ProceduralMeshComponentEditor (328)
[2017.12.31-19.22.32:958][502]LogModuleManager: Shutting down and abandoning module ProceduralMeshComponent (326)
[2017.12.31-19.22.32:958][502]LogModuleManager: Shutting down and abandoning module OculusInput (324)
[2017.12.31-19.22.32:958][502]LogModuleManager: Shutting down and abandoning module MobilePatchingUtils (322)
[2017.12.31-19.22.32:958][502]LogModuleManager: Shutting down and abandoning module CustomMeshComponent (320)
[2017.12.31-19.22.32:958][502]LogModuleManager: Shutting down and abandoning module CableComponent (318)
[2017.12.31-19.22.32:959][502]LogModuleManager: Shutting down and abandoning module ArchVisCharacter (316)
[2017.12.31-19.22.32:959][502]LogModuleManager: Shutting down and abandoning module AndroidPermission (314)
[2017.12.31-19.22.32:959][502]LogModuleManager: Shutting down and abandoning module MediaPlayerEditor (310)
[2017.12.31-19.22.32:960][502]LogModuleManager: Shutting down and abandoning module HTML5Networking (308)
[2017.12.31-19.22.32:960][502]LogModuleManager: Shutting down and abandoning module AlembicImporter (306)
[2017.12.31-19.22.32:961][502]LogModuleManager: Shutting down and abandoning module AlembicLibrary (305)
[2017.12.31-19.22.32:961][502]LogModuleManager: Shutting down and abandoning module GeometryCache (304)
[2017.12.31-19.22.32:961][502]LogModuleManager: Shutting down and abandoning module GeometryCacheEd (303)
[2017.12.31-19.22.32:961][502]LogModuleManager: Shutting down and abandoning module SpeedTreeImporter (298)
[2017.12.31-19.22.32:961][502]LogModuleManager: Shutting down and abandoning module PluginBrowser (296)
[2017.12.31-19.22.32:962][502]LogModuleManager: Shutting down and abandoning module MobileLauncherProfileWizard (294)
[2017.12.31-19.22.32:963][502]LogModuleManager: Shutting down and abandoning module VisualStudioSourceCodeAccess (292)
[2017.12.31-19.22.32:963][502]LogModuleManager: Shutting down and abandoning module DesktopPlatform (291)
[2017.12.31-19.22.32:963][502]LogModuleManager: Shutting down and abandoning module UObjectPlugin (288)
[2017.12.31-19.22.32:963][502]LogModuleManager: Shutting down and abandoning module SubversionSourceControl (286)
[2017.12.31-19.22.32:963][502]LogModuleManager: Shutting down and abandoning module PerforceSourceControl (284)
[2017.12.31-19.22.32:964][502]LogModuleManager: Shutting down and abandoning module GitSourceControl (282)
[2017.12.31-19.22.32:965][502]LogModuleManager: Shutting down and abandoning module SourceControl (281)
[2017.12.31-19.22.32:965][502]LogModuleManager: Shutting down and abandoning module LightPropagationVolumeEditor (278)
[2017.12.31-19.22.32:965][502]LogModuleManager: Shutting down and abandoning module PaperTiledImporter (276)
[2017.12.31-19.22.32:965][502]LogModuleManager: Shutting down and abandoning module PaperSpriteSheetImporter (274)
[2017.12.31-19.22.32:965][502]LogModuleManager: Shutting down and abandoning module Paper2DEditor (272)
[2017.12.31-19.22.32:966][502]LogModuleManager: Shutting down and abandoning module MeshPaint (271)
[2017.12.31-19.22.32:966][502]LogModuleManager: Shutting down and abandoning module LevelEditor (269)
[2017.12.31-19.22.32:967][502]LogModuleManager: Shutting down and abandoning module PixelInspectorModule (268)
[2017.12.31-19.22.32:967][502]LogModuleManager: Shutting down and abandoning module MainFrame (266)
[2017.12.31-19.22.32:967][502]LogModuleManager: Shutting down and abandoning module HotReload (265)
[2017.12.31-19.22.32:968][502]LogModuleManager: Shutting down and abandoning module RuntimePhysXCooking (260)
[2017.12.31-19.22.32:968][502]LogModuleManager: Shutting down and abandoning module PhysXVehiclesEditor (258)
[2017.12.31-19.22.32:968][502]LogModuleManager: Shutting down and abandoning module PhysXVehicles (256)
[2017.12.31-19.22.32:968][502]LogModuleManager: Shutting down and abandoning module OculusEditor (254)
[2017.12.31-19.22.32:968][502]LogModuleManager: Shutting down and abandoning module LocationServicesBPLibrary (252)
[2017.12.31-19.22.32:968][502]LogModuleManager: Shutting down and abandoning module ImmediatePhysicsEditor (250)
[2017.12.31-19.22.32:968][502]LogModuleManager: Shutting down and abandoning module ImmediatePhysics (248)
[2017.12.31-19.22.32:968][502]LogModuleManager: Shutting down and abandoning module UdpMessaging (246)
[2017.12.31-19.22.33:068][502]LogModuleManager: Shutting down and abandoning module TcpMessaging (244)
[2017.12.31-19.22.33:169][502]LogModuleManager: Shutting down and abandoning module GameplayTagsEditor (242)
[2017.12.31-19.22.33:169][502]LogModuleManager: Shutting down and abandoning module FacialAnimationEditor (240)
[2017.12.31-19.22.33:169][502]LogModuleManager: Shutting down and abandoning module FacialAnimation (238)
[2017.12.31-19.22.33:169][502]LogModuleManager: Shutting down and abandoning module AssetManagerEditor (236)
[2017.12.31-19.22.33:170][502]LogModuleManager: Shutting down and abandoning module GraphEditor (235)
[2017.12.31-19.22.33:172][502]LogModuleManager: Shutting down and abandoning module ContentBrowser (233)
[2017.12.31-19.22.33:173][502]LogModuleManager: Shutting down and abandoning module LightPropagationVolumeRuntime (230)
[2017.12.31-19.22.33:173][502]LogModuleManager: Shutting down and abandoning module Paper2D (228)
[2017.12.31-19.22.33:173][502]LogModuleManager: Shutting down and abandoning module WindowsMoviePlayer (226)
[2017.12.31-19.22.33:173][502]LogModuleManager: Shutting down and abandoning module WmfMedia (224)
[2017.12.31-19.22.33:175][502]LogModuleManager: Shutting down and abandoning module PacketHandler (222)
[2017.12.31-19.22.33:175][502]LogModuleManager: Shutting down and abandoning module ClothingSystemEditor (220)
[2017.12.31-19.22.33:175][502]LogModuleManager: Shutting down and abandoning module ClothingSystemRuntime (218)
[2017.12.31-19.22.33:175][502]LogModuleManager: Shutting down and abandoning module Overlay (216)
[2017.12.31-19.22.33:175][502]LogModuleManager: Shutting down and abandoning module OverlayEditor (215)
[2017.12.31-19.22.33:175][502]LogModuleManager: Shutting down and abandoning module MediaAssets (212)
[2017.12.31-19.22.33:175][502]LogModuleManager: Shutting down and abandoning module VREditor (210)
[2017.12.31-19.22.33:176][502]LogModuleManager: Shutting down and abandoning module StringTableEditor (208)
[2017.12.31-19.22.33:176][502]LogModuleManager: Shutting down and abandoning module GameplayTasksEditor (206)
[2017.12.31-19.22.33:176][502]LogModuleManager: Shutting down and abandoning module BehaviorTreeEditor (204)
[2017.12.31-19.22.33:177][502]LogModuleManager: Shutting down and abandoning module FunctionalTesting (202)
[2017.12.31-19.22.33:177][502]LogModuleManager: Shutting down and abandoning module CollisionAnalyzer (200)
[2017.12.31-19.22.33:177][502]LogModuleManager: Shutting down and abandoning module WorkspaceMenuStructure (199)
[2017.12.31-19.22.33:177][502]LogModuleManager: Shutting down and abandoning module UMG (196)
[2017.12.31-19.22.33:178][502]LogModuleManager: Shutting down and abandoning module UMGEditor (195)
[2017.12.31-19.22.33:178][502]LogModuleManager: Shutting down and abandoning module Sequencer (194)
[2017.12.31-19.22.33:179][502]LogModuleManager: Shutting down and abandoning module MessageLog (191)
[2017.12.31-19.22.33:179][502]LogModuleManager: Shutting down and abandoning module SlateReflector (186)
[2017.12.31-19.22.33:181][502]LogModuleManager: Shutting down and abandoning module Slate (184)
[2017.12.31-19.22.33:181][502]LogModuleManager: Shutting down and abandoning module EditorStyle (182)
[2017.12.31-19.22.33:182][502]LogModuleManager: Shutting down and abandoning module MRMesh (180)
[2017.12.31-19.22.33:182][502]LogModuleManager: Shutting down and abandoning module SourceCodeAccess (178)
[2017.12.31-19.22.33:182][502]LogModuleManager: Shutting down and abandoning module HeadMountedDisplay (176)
[2017.12.31-19.22.33:182][502]LogModuleManager: Shutting down and abandoning module XAudio2 (174)
[2017.12.31-19.22.33:182][502]LogModuleManager: Shutting down and abandoning module Networking (172)
[2017.12.31-19.22.33:182][502]LogModuleManager: Shutting down and abandoning module Core (168)
[2017.12.31-19.22.33:182][502]LogModuleManager: Shutting down and abandoning module KismetCompiler (164)
[2017.12.31-19.22.33:182][502]LogModuleManager: Shutting down and abandoning module LevelSequence (162)
[2017.12.31-19.22.33:182][502]LogModuleManager: Shutting down and abandoning module MeshUtilities (160)
[2017.12.31-19.22.33:183][502]LogModuleManager: Shutting down and abandoning module MeshMergeUtilities (159)
[2017.12.31-19.22.33:184][502]LogModuleManager: Shutting down and abandoning module MeshReductionInterface (158)
[2017.12.31-19.22.33:184][502]LogModuleManager: Shutting down and abandoning module SimplygonSwarm (157)
[2017.12.31-19.22.33:184][502]LogModuleManager: Shutting down and abandoning module SimplygonMeshReduction (155)
[2017.12.31-19.22.33:184][502]LogModuleManager: Shutting down and abandoning module QuadricMeshReduction (153)
[2017.12.31-19.22.33:184][502]LogModuleManager: Shutting down and abandoning module MaterialBaking (149)
[2017.12.31-19.22.33:184][502]LogModuleManager: Shutting down and abandoning module DirectoryWatcher (146)
[2017.12.31-19.22.33:185][502]LogModuleManager: Shutting down and abandoning module DerivedDataCache (144)
[2017.12.31-19.22.33:459][502]LogDerivedDataCache: Shutdown
[2017.12.31-19.22.33:459][502]LogModuleManager: Shutting down and abandoning module TargetPlatform (142)
[2017.12.31-19.22.33:459][502]LogModuleManager: Shutting down and abandoning module VulkanShaderFormat (141)
[2017.12.31-19.22.33:459][502]LogModuleManager: Shutting down and abandoning module ShaderFormatVectorVM (139)
[2017.12.31-19.22.33:460][502]LogModuleManager: Shutting down and abandoning module ShaderFormatOpenGL (137)
[2017.12.31-19.22.33:460][502]LogModuleManager: Shutting down and abandoning module ShaderFormatD3D (135)
[2017.12.31-19.22.33:460][502]LogModuleManager: Shutting down and abandoning module MetalShaderFormat (133)
[2017.12.31-19.22.33:460][502]LogModuleManager: Shutting down and abandoning module TextureFormatUncompressed (131)
[2017.12.31-19.22.33:460][502]LogModuleManager: Shutting down and abandoning module TextureFormatPVR (129)
[2017.12.31-19.22.33:460][502]LogModuleManager: Shutting down and abandoning module TextureFormatDXT (127)
[2017.12.31-19.22.33:460][502]LogModuleManager: Shutting down and abandoning module TextureFormatIntelISPCTexComp (125)
[2017.12.31-19.22.33:461][502]LogModuleManager: Shutting down and abandoning module TextureFormatASTC (123)
[2017.12.31-19.22.33:461][502]LogModuleManager: Shutting down and abandoning module ImageWrapper (122)
[2017.12.31-19.22.33:461][502]LogModuleManager: Shutting down and abandoning module TextureFormatAndroid (119)
[2017.12.31-19.22.33:461][502]LogModuleManager: Shutting down and abandoning module AudioFormatOpus (117)
[2017.12.31-19.22.33:461][502]LogModuleManager: Shutting down and abandoning module AudioFormatOgg (115)
[2017.12.31-19.22.33:461][502]LogModuleManager: Shutting down and abandoning module AudioFormatADPCM (113)
[2017.12.31-19.22.33:461][502]LogModuleManager: Shutting down and abandoning module LinuxTargetPlatform (111)
[2017.12.31-19.22.33:461][502]LogModuleManager: Shutting down and abandoning module LinuxServerTargetPlatform (109)
[2017.12.31-19.22.33:461][502]LogModuleManager: Shutting down and abandoning module LinuxNoEditorTargetPlatform (107)
[2017.12.31-19.22.33:461][502]LogModuleManager: Shutting down and abandoning module LinuxClientTargetPlatform (105)
[2017.12.31-19.22.33:461][502]LogModuleManager: Shutting down and abandoning module TVOSTargetPlatform (103)
[2017.12.31-19.22.33:461][502]LogModuleManager: Shutting down and abandoning module Messaging (101)
[2017.12.31-19.22.33:461][502]LogModuleManager: Shutting down and abandoning module IOSTargetPlatform (99)
[2017.12.31-19.22.33:461][502]LogModuleManager: Shutting down and abandoning module HTML5TargetPlatform (97)
[2017.12.31-19.22.33:461][502]LogModuleManager: Shutting down and abandoning module Android_PVRTCTargetPlatform (95)
[2017.12.31-19.22.33:461][502]LogModuleManager: Shutting down and abandoning module Android_MultiTargetPlatform (93)
[2017.12.31-19.22.33:461][502]LogModuleManager: Shutting down and abandoning module Android_ETC2TargetPlatform (91)
[2017.12.31-19.22.33:461][502]LogModuleManager: Shutting down and abandoning module Android_ETC1TargetPlatform (89)
[2017.12.31-19.22.33:461][502]LogModuleManager: Shutting down and abandoning module Android_DXTTargetPlatform (87)
[2017.12.31-19.22.33:461][502]LogModuleManager: Shutting down and abandoning module Android_ATCTargetPlatform (85)
[2017.12.31-19.22.33:461][502]LogModuleManager: Shutting down and abandoning module Android_ASTCTargetPlatform (83)
[2017.12.31-19.22.33:461][502]LogModuleManager: Shutting down and abandoning module AndroidTargetPlatform (81)
[2017.12.31-19.22.33:461][502]LogModuleManager: Shutting down and abandoning module WindowsTargetPlatform (79)
[2017.12.31-19.22.33:461][502]LogModuleManager: Shutting down and abandoning module WindowsServerTargetPlatform (77)
[2017.12.31-19.22.33:461][502]LogModuleManager: Shutting down and abandoning module WindowsNoEditorTargetPlatform (75)
[2017.12.31-19.22.33:461][502]LogModuleManager: Shutting down and abandoning module WindowsClientTargetPlatform (73)
[2017.12.31-19.22.33:461][502]LogModuleManager: Shutting down and abandoning module MacTargetPlatform (71)
[2017.12.31-19.22.33:461][502]LogModuleManager: Shutting down and abandoning module MacServerTargetPlatform (69)
[2017.12.31-19.22.33:461][502]LogModuleManager: Shutting down and abandoning module MacNoEditorTargetPlatform (67)
[2017.12.31-19.22.33:461][502]LogModuleManager: Shutting down and abandoning module MacClientTargetPlatform (65)
[2017.12.31-19.22.33:461][502]LogModuleManager: Shutting down and abandoning module AllDesktopTargetPlatform (63)
[2017.12.31-19.22.33:461][502]LogModuleManager: Shutting down and abandoning module InputCore (60)
[2017.12.31-19.22.33:461][502]LogModuleManager: Shutting down and abandoning module Settings (58)
[2017.12.31-19.22.33:461][502]LogModuleManager: Shutting down and abandoning module PhysXCooking (56)
[2017.12.31-19.22.33:461][502]LogModuleManager: Shutting down and abandoning module SteamVR (54)
[2017.12.31-19.22.33:461][502]LogModuleManager: Shutting down and abandoning module OculusHMD (52)
[2017.12.31-19.22.33:461][502]LogModuleManager: Shutting down and abandoning module ExampleDeviceProfileSelector (50)
[2017.12.31-19.22.33:461][502]LogModuleManager: Shutting down and abandoning module OnlineBlueprintSupport (48)
[2017.12.31-19.22.33:461][502]LogModuleManager: Shutting down and abandoning module OnlineSubsystem (44)
[2017.12.31-19.22.33:461][502]LogOnline: Display: Unloading online subsystem: NULL
[2017.12.31-19.22.33:462][502]LogModuleManager: Shutting down and abandoning module XMPP (43)
[2017.12.31-19.22.33:463][502]LogModuleManager: Shutting down and abandoning module HTTP (41)
[2017.12.31-19.22.33:463][502]LogHttp: Display: Http module shutting down, but needs to wait on 1 outstanding Http requests:
[2017.12.31-19.22.33:463][502]LogHttp: Display: 	verb=[POST] url=[https://datarouter.ol.epicgames.com/datarouter/api/v1/public/data?SessionID=%7B18A3974F-4282-3C0F-8718-7BAF1D0DDB53%7D&AppID=UEEditor.Rocket.Release&AppVersion=4.17.2-3658906%2B%2B%2BUE4%2BRelease-4.17&UserID=356698e045465eb8ce0f39a76ec7a41f%7C8a27338fff0c4d60938334fbdcce22e3%7C4efc4ff0-efab-4628-8db1-6b07e8200c4a&AppEnvironment=datacollector-binary&UploadType=eteventstream] status=Processing
[2017.12.31-19.22.33:497][502]LogModuleManager: Shutting down and abandoning module SSL (40)
[2017.12.31-19.22.33:498][502]LogModuleManager: Shutting down and abandoning module AnimationModifiers (36)
[2017.12.31-19.22.33:499][502]LogModuleManager: Shutting down and abandoning module PropertyEditor (35)
[2017.12.31-19.22.33:499][502]LogModuleManager: Shutting down and abandoning module AudioEditor (32)
[2017.12.31-19.22.33:499][502]LogModuleManager: Shutting down and abandoning module TextureCompressor (30)
[2017.12.31-19.22.33:500][502]LogModuleManager: Shutting down and abandoning module ShaderCore (28)
[2017.12.31-19.22.33:500][502]LogModuleManager: Shutting down and abandoning module Landscape (26)
[2017.12.31-19.22.33:500][502]LogModuleManager: Shutting down and abandoning module SlateRHIRenderer (24)
[2017.12.31-19.22.33:500][502]LogModuleManager: Shutting down and abandoning module OpenGLDrv (22)
[2017.12.31-19.22.33:501][502]LogModuleManager: Shutting down and abandoning module D3D11RHI (20)
[2017.12.31-19.22.33:501][502]LogModuleManager: Shutting down and abandoning module AnimGraphRuntime (18)
[2017.12.31-19.22.33:501][502]LogModuleManager: Shutting down and abandoning module Renderer (16)
[2017.12.31-19.22.33:501][502]LogModuleManager: Shutting down and abandoning module Engine (14)
[2017.12.31-19.22.33:501][502]LogModuleManager: Shutting down and abandoning module CoreUObject (12)
[2017.12.31-19.22.33:501][502]LogModuleManager: Shutting down and abandoning module NetworkFile (10)
[2017.12.31-19.22.33:501][502]LogModuleManager: Shutting down and abandoning module CookedIterativeFile (8)
[2017.12.31-19.22.33:501][502]LogModuleManager: Shutting down and abandoning module StreamingFile (6)
[2017.12.31-19.22.33:501][502]LogModuleManager: Shutting down and abandoning module SandboxFile (4)
[2017.12.31-19.22.33:501][502]LogModuleManager: Shutting down and abandoning module PakFile (2)
[2017.12.31-19.22.33:504][502]LogExit: Exiting.
[2017.12.31-19.22.33:514][502]Log file closed, 12/31/17 11:22:33
