Log file open, 11/28/17 23:54:51
LogWindows: Failed to load 'aqProf.dll' (GetLastError=126)
LogWindows: File 'aqProf.dll' does not exist
LogWindows: Failed to load 'VtuneApi.dll' (GetLastError=126)
LogWindows: File 'VtuneApi.dll' does not exist
LogWindows: Failed to load 'VtuneApi32e.dll' (GetLastError=126)
LogWindows: File 'VtuneApi32e.dll' does not exist
LogInit: Display: Running engine for game: Shooter2D
LogPlatformFile: Not using cached read wrapper
LogInit: Display: RandInit(-1938753988) SRandInit(-1938753987).
LogInit: Read version file with build ID '3709383'
LogInit: Overriding engine version to CL 3754814, compatible CL 3709383
LogInit: Registered custom module enumerator with build ID '3709383'
LogTaskGraph: Started task graph with 5 named threads and 14 total threads with 3 sets of task threads.
LogStats: Stats thread started at 0.163265
LogD3D11RHI: Aftermath initialized
LogModuleManager: Display: Found up-to-date module file ../../../Engine/Plugins/2D/Paper2D/Binaries/Win64/UE4Editor-Paper2D.dll (API version 3709383).
LogModuleManager: Display: Found up-to-date module file ../../../Engine/Plugins/2D/Paper2D/Binaries/Win64/UE4Editor-Paper2DEditor.dll (API version 3709383).
LogModuleManager: Display: Found up-to-date module file ../../../Engine/Plugins/2D/Paper2D/Binaries/Win64/UE4Editor-PaperSpriteSheetImporter.dll (API version 3709383).
LogModuleManager: Display: Found up-to-date module file ../../../Engine/Plugins/2D/Paper2D/Binaries/Win64/UE4Editor-PaperTiledImporter.dll (API version 3709383).
LogModuleManager: Display: Found up-to-date module file ../../../Engine/Plugins/2D/Paper2D/Binaries/Win64/UE4Editor-SmartSnapping.dll (API version 3709383).
LogModuleManager: Display: Found up-to-date module file ../../../Engine/Plugins/Blendables/LightPropagationVolume/Binaries/Win64/UE4Editor-LightPropagationVolumeRuntime.dll (API version 3709383).
LogModuleManager: Display: Found up-to-date module file ../../../Engine/Plugins/Blendables/LightPropagationVolume/Binaries/Win64/UE4Editor-LightPropagationVolumeEditor.dll (API version 3709383).
LogModuleManager: Display: Found up-to-date module file ../../../Engine/Plugins/Developer/GitSourceControl/Binaries/Win64/UE4Editor-GitSourceControl.dll (API version 3709383).
LogModuleManager: Display: Found up-to-date module file ../../../Engine/Plugins/Developer/PerforceSourceControl/Binaries/Win64/UE4Editor-PerforceSourceControl.dll (API version 3709383).
LogModuleManager: Display: Found up-to-date module file ../../../Engine/Plugins/Developer/SubversionSourceControl/Binaries/Win64/UE4Editor-SubversionSourceControl.dll (API version 3709383).
LogModuleManager: Display: Found up-to-date module file ../../../Engine/Plugins/Developer/UObjectPlugin/Binaries/Win64/UE4Editor-UObjectPlugin.dll (API version 3709383).
LogModuleManager: Display: Found up-to-date module file ../../../Engine/Plugins/Developer/VisualStudioCodeSourceCodeAccess/Binaries/Win64/UE4Editor-VisualStudioCodeSourceCodeAccess.dll (API version 3709383).
LogModuleManager: Display: Found up-to-date module file ../../../Engine/Plugins/Developer/VisualStudioSourceCodeAccess/Binaries/Win64/UE4Editor-VisualStudioSourceCodeAccess.dll (API version 3709383).
LogModuleManager: Display: Found up-to-date module file ../../../Engine/Plugins/Editor/AssetManagerEditor/Binaries/Win64/UE4Editor-AssetManagerEditor.dll (API version 3709383).
LogModuleManager: Display: Found up-to-date module file ../../../Engine/Plugins/Editor/AudioCapture/Binaries/Win64/UE4Editor-AudioCapture.dll (API version 3709383).
LogModuleManager: Display: Found up-to-date module file ../../../Engine/Plugins/Editor/FacialAnimation/Binaries/Win64/UE4Editor-FacialAnimation.dll (API version 3709383).
LogModuleManager: Display: Found up-to-date module file ../../../Engine/Plugins/Editor/FacialAnimation/Binaries/Win64/UE4Editor-FacialAnimationEditor.dll (API version 3709383).
LogModuleManager: Display: Found up-to-date module file ../../../Engine/Plugins/Editor/GameplayTagsEditor/Binaries/Win64/UE4Editor-GameplayTagsEditor.dll (API version 3709383).
LogModuleManager: Display: Found up-to-date module file ../../../Engine/Plugins/Editor/MobileLauncherProfileWizard/Binaries/Win64/UE4Editor-MobileLauncherProfileWizard.dll (API version 3709383).
LogModuleManager: Display: Found up-to-date module file ../../../Engine/Plugins/Editor/PluginBrowser/Binaries/Win64/UE4Editor-PluginBrowser.dll (API version 3709383).
LogModuleManager: Display: Found up-to-date module file ../../../Engine/Plugins/Editor/SpeedTreeImporter/Binaries/Win64/UE4Editor-SpeedTreeImporter.dll (API version 3709383).
LogModuleManager: Display: Found up-to-date module file ../../../Engine/Plugins/Experimental/AlembicImporter/Binaries/Win64/UE4Editor-AlembicImporter.dll (API version 3709383).
LogModuleManager: Display: Found up-to-date module file ../../../Engine/Plugins/Experimental/AlembicImporter/Binaries/Win64/UE4Editor-AlembicLibrary.dll (API version 3709383).
LogModuleManager: Display: Found up-to-date module file ../../../Engine/Plugins/Experimental/CharacterAI/Binaries/Win64/UE4Editor-CharacterAI.dll (API version 3709383).
LogModuleManager: Display: Found up-to-date module file ../../../Engine/Plugins/Experimental/HTML5Networking/Binaries/Win64/UE4Editor-HTML5Networking.dll (API version 3709383).
LogModuleManager: Display: Found up-to-date module file ../../../Engine/Plugins/Media/AndroidMedia/Binaries/Win64/UE4Editor-AndroidMediaEditor.dll (API version 3709383).
LogModuleManager: Display: Found up-to-date module file ../../../Engine/Plugins/Media/AndroidMedia/Binaries/Win64/UE4Editor-AndroidMediaFactory.dll (API version 3709383).
LogModuleManager: Display: Found up-to-date module file ../../../Engine/Plugins/Media/AvfMedia/Binaries/Win64/UE4Editor-AvfMediaEditor.dll (API version 3709383).
LogModuleManager: Display: Found up-to-date module file ../../../Engine/Plugins/Media/AvfMedia/Binaries/Win64/UE4Editor-AvfMediaFactory.dll (API version 3709383).
LogModuleManager: Display: Found up-to-date module file ../../../Engine/Plugins/Media/AvfMedia/Binaries/Win64/UE4Editor-AvfMediaFactory.dll (API version 3709383).
LogModuleManager: Display: Found up-to-date module file ../../../Engine/Plugins/Media/ImgMedia/Binaries/Win64/UE4Editor-ImgMedia.dll (API version 3709383).
LogModuleManager: Display: Found up-to-date module file ../../../Engine/Plugins/Media/ImgMedia/Binaries/Win64/UE4Editor-ImgMediaEditor.dll (API version 3709383).
LogModuleManager: Display: Found up-to-date module file ../../../Engine/Plugins/Media/ImgMedia/Binaries/Win64/UE4Editor-ImgMediaFactory.dll (API version 3709383).
LogModuleManager: Display: Found up-to-date module file ../../../Engine/Plugins/Media/ImgMedia/Binaries/Win64/UE4Editor-ImgMediaFactory.dll (API version 3709383).
LogModuleManager: Display: Found up-to-date module file ../../../Engine/Plugins/Media/ImgMedia/Binaries/Win64/UE4Editor-OpenExrWrapper.dll (API version 3709383).
LogModuleManager: Display: Found up-to-date module file ../../../Engine/Plugins/Media/MediaCompositing/Binaries/Win64/UE4Editor-MediaCompositing.dll (API version 3709383).
LogModuleManager: Display: Found up-to-date module file ../../../Engine/Plugins/Media/MediaCompositing/Binaries/Win64/UE4Editor-MediaCompositingEditor.dll (API version 3709383).
LogModuleManager: Display: Found up-to-date module file ../../../Engine/Plugins/Media/MediaPlayerEditor/Binaries/Win64/UE4Editor-MediaPlayerEditor.dll (API version 3709383).
LogModuleManager: Display: Found up-to-date module file ../../../Engine/Plugins/Media/WmfMedia/Binaries/Win64/UE4Editor-WmfMedia.dll (API version 3709383).
LogModuleManager: Display: Found up-to-date module file ../../../Engine/Plugins/Media/WmfMedia/Binaries/Win64/UE4Editor-WmfMediaEditor.dll (API version 3709383).
LogModuleManager: Display: Found up-to-date module file ../../../Engine/Plugins/Media/WmfMedia/Binaries/Win64/UE4Editor-WmfMediaFactory.dll (API version 3709383).
LogModuleManager: Display: Found up-to-date module file ../../../Engine/Plugins/Media/WmfMedia/Binaries/Win64/UE4Editor-WmfMediaFactory.dll (API version 3709383).
LogModuleManager: Display: Found up-to-date module file ../../../Engine/Plugins/Messaging/TcpMessaging/Binaries/Win64/UE4Editor-TcpMessaging.dll (API version 3709383).
LogModuleManager: Display: Found up-to-date module file ../../../Engine/Plugins/Messaging/UdpMessaging/Binaries/Win64/UE4Editor-UdpMessaging.dll (API version 3709383).
LogModuleManager: Display: Found up-to-date module file ../../../Engine/Plugins/MovieScene/ActorSequence/Binaries/Win64/UE4Editor-ActorSequence.dll (API version 3709383).
LogModuleManager: Display: Found up-to-date module file ../../../Engine/Plugins/MovieScene/LevelSequenceEditor/Binaries/Win64/UE4Editor-LevelSequenceEditor.dll (API version 3709383).
LogModuleManager: Display: Found up-to-date module file ../../../Engine/Plugins/MovieScene/MatineeToLevelSequence/Binaries/Win64/UE4Editor-MatineeToLevelSequence.dll (API version 3709383).
LogModuleManager: Display: Found up-to-date module file ../../../Engine/Plugins/Online/OnlineSubsystem/Binaries/Win64/UE4Editor-OnlineSubsystem.dll (API version 3709383).
LogModuleManager: Display: Found up-to-date module file ../../../Engine/Plugins/Runtime/AndroidPermission/Binaries/Win64/UE4Editor-AndroidPermission.dll (API version 3709383).
LogModuleManager: Display: Found up-to-date module file ../../../Engine/Plugins/Online/OnlineSubsystemNull/Binaries/Win64/UE4Editor-OnlineSubsystemNull.dll (API version 3709383).
LogModuleManager: Display: Found up-to-date module file ../../../Engine/Plugins/Online/OnlineSubsystemUtils/Binaries/Win64/UE4Editor-OnlineSubsystemUtils.dll (API version 3709383).
LogModuleManager: Display: Found up-to-date module file ../../../Engine/Plugins/Online/OnlineSubsystemUtils/Binaries/Win64/UE4Editor-OnlineBlueprintSupport.dll (API version 3709383).
LogModuleManager: Display: Found up-to-date module file ../../../Engine/Plugins/Runtime/AndroidDeviceProfileSelector/Binaries/Win64/UE4Editor-AndroidDeviceProfileSelector.dll (API version 3709383).
LogModuleManager: Display: Found up-to-date module file ../../../Engine/Plugins/Runtime/AppleARKit/Binaries/Win64/UE4Editor-AppleARKit.dll (API version 3709383).
LogModuleManager: Display: Found up-to-date module file ../../../Engine/Plugins/Runtime/ArchVisCharacter/Binaries/Win64/UE4Editor-ArchVisCharacter.dll (API version 3709383).
LogModuleManager: Display: Found up-to-date module file ../../../Engine/Plugins/Runtime/CableComponent/Binaries/Win64/UE4Editor-CableComponent.dll (API version 3709383).
LogModuleManager: Display: Found up-to-date module file ../../../Engine/Plugins/Runtime/CustomMeshComponent/Binaries/Win64/UE4Editor-CustomMeshComponent.dll (API version 3709383).
LogModuleManager: Display: Found up-to-date module file ../../../Engine/Plugins/Runtime/ExampleDeviceProfileSelector/Binaries/Win64/UE4Editor-ExampleDeviceProfileSelector.dll (API version 3709383).
LogModuleManager: Display: Found up-to-date module file ../../../Engine/Plugins/Runtime/ImmediatePhysics/Binaries/Win64/UE4Editor-ImmediatePhysics.dll (API version 3709383).
LogModuleManager: Display: Found up-to-date module file ../../../Engine/Plugins/Runtime/ImmediatePhysics/Binaries/Win64/UE4Editor-ImmediatePhysicsEditor.dll (API version 3709383).
LogModuleManager: Display: Found up-to-date module file ../../../Engine/Plugins/Runtime/LocationServicesBPLibrary/Binaries/Win64/UE4Editor-LocationServicesBPLibrary.dll (API version 3709383).
LogModuleManager: Display: Found up-to-date module file ../../../Engine/Plugins/Runtime/MobilePatchingUtils/Binaries/Win64/UE4Editor-MobilePatchingUtils.dll (API version 3709383).
LogModuleManager: Display: Found up-to-date module file ../../../Engine/Plugins/Runtime/Oculus/OculusVR/Binaries/Win64/UE4Editor-OculusHMD.dll (API version 3709383).
LogModuleManager: Display: Found up-to-date module file ../../../Engine/Plugins/Runtime/Oculus/OculusVR/Binaries/Win64/UE4Editor-OculusInput.dll (API version 3709383).
LogModuleManager: Display: Found up-to-date module file ../../../Engine/Plugins/Runtime/Oculus/OculusVR/Binaries/Win64/UE4Editor-OculusEditor.dll (API version 3709383).
LogModuleManager: Display: Found up-to-date module file ../../../Engine/Plugins/Runtime/PhysXVehicles/Binaries/Win64/UE4Editor-PhysXVehicles.dll (API version 3709383).
LogModuleManager: Display: Found up-to-date module file ../../../Engine/Plugins/Runtime/PhysXVehicles/Binaries/Win64/UE4Editor-PhysXVehiclesEditor.dll (API version 3709383).
LogModuleManager: Display: Found up-to-date module file ../../../Engine/Plugins/Runtime/ProceduralMeshComponent/Binaries/Win64/UE4Editor-ProceduralMeshComponent.dll (API version 3709383).
LogModuleManager: Display: Found up-to-date module file ../../../Engine/Plugins/Runtime/ProceduralMeshComponent/Binaries/Win64/UE4Editor-ProceduralMeshComponentEditor.dll (API version 3709383).
LogModuleManager: Display: Found up-to-date module file ../../../Engine/Plugins/Runtime/RuntimePhysXCooking/Binaries/Win64/UE4Editor-RuntimePhysXCooking.dll (API version 3709383).
LogModuleManager: Display: Found up-to-date module file ../../../Engine/Plugins/Runtime/Steam/SteamVR/Binaries/Win64/UE4Editor-SteamVR.dll (API version 3709383).
LogModuleManager: Display: Found up-to-date module file ../../../Engine/Plugins/Runtime/Steam/SteamVR/Binaries/Win64/UE4Editor-SteamVRController.dll (API version 3709383).
LogModuleManager: Display: Found up-to-date module file ../../../Engine/Plugins/Runtime/WindowsMoviePlayer/Binaries/Win64/UE4Editor-WindowsMoviePlayer.dll (API version 3709383).
LogPluginManager: Mounting plugin Paper2D
LogPluginManager: Mounting plugin LightPropagationVolume
LogPluginManager: Mounting plugin CodeLiteSourceCodeAccess
LogPluginManager: Mounting plugin GitSourceControl
LogPluginManager: Mounting plugin KDevelopSourceCodeAccess
LogPluginManager: Mounting plugin NullSourceCodeAccess
LogPluginManager: Mounting plugin PerforceSourceControl
LogPluginManager: Mounting plugin SubversionSourceControl
LogPluginManager: Mounting plugin UObjectPlugin
LogPluginManager: Mounting plugin VisualStudioCodeSourceCodeAccess
LogPluginManager: Mounting plugin VisualStudioSourceCodeAccess
LogPluginManager: Mounting plugin XCodeSourceCodeAccess
LogPluginManager: Mounting plugin AssetManagerEditor
LogPluginManager: Mounting plugin AudioCapture
LogPluginManager: Mounting plugin FacialAnimation
LogPluginManager: Mounting plugin GameplayTagsEditor
LogPluginManager: Mounting plugin MobileLauncherProfileWizard
LogPluginManager: Mounting plugin PluginBrowser
LogPluginManager: Mounting plugin SpeedTreeImporter
LogPluginManager: Mounting plugin AlembicImporter
LogPluginManager: Mounting plugin CharacterAI
LogPluginManager: Mounting plugin HTML5Networking
LogPluginManager: Mounting plugin AndroidMedia
LogPluginManager: Mounting plugin AvfMedia
LogPluginManager: Mounting plugin ImgMedia
LogPluginManager: Mounting plugin MediaCompositing
LogPluginManager: Mounting plugin MediaPlayerEditor
LogPluginManager: Mounting plugin WmfMedia
LogPluginManager: Mounting plugin TcpMessaging
LogPluginManager: Mounting plugin UdpMessaging
LogPluginManager: Mounting plugin ActorSequence
LogPluginManager: Mounting plugin LevelSequenceEditor
LogPluginManager: Mounting plugin MatineeToLevelSequence
LogPluginManager: Mounting plugin OnlineSubsystemGooglePlay
LogPluginManager: Mounting plugin OnlineSubsystemIOS
LogPluginManager: Mounting plugin OnlineSubsystem
LogPluginManager: Mounting plugin OnlineSubsystemNull
LogPluginManager: Mounting plugin OnlineSubsystemUtils
LogPluginManager: Mounting plugin AndroidDeviceProfileSelector
LogPluginManager: Mounting plugin AndroidMoviePlayer
LogPluginManager: Mounting plugin AndroidPermission
LogPluginManager: Mounting plugin AppleARKit
LogPluginManager: Mounting plugin AppleMoviePlayer
LogPluginManager: Mounting plugin ArchVisCharacter
LogPluginManager: Mounting plugin CableComponent
LogPluginManager: Mounting plugin CustomMeshComponent
LogPluginManager: Mounting plugin ExampleDeviceProfileSelector
LogPluginManager: Mounting plugin GoogleCloudMessaging
LogPluginManager: Mounting plugin ImmediatePhysics
LogPluginManager: Mounting plugin IOSDeviceProfileSelector
LogPluginManager: Mounting plugin LinuxDeviceProfileSelector
LogPluginManager: Mounting plugin LocationServicesBPLibrary
LogPluginManager: Mounting plugin MobilePatchingUtils
LogPluginManager: Mounting plugin OculusVR
LogPluginManager: Plugin shader directory ../../../Engine/Plugins/Runtime/Oculus/OculusVR/Shaders found
LogPluginManager: Mapping shader source directory ../../../Engine/Plugins/Runtime/Oculus/OculusVR/Shaders to virtual directory /Plugin/OculusVR
LogPluginManager: Mounting plugin PhysXVehicles
LogPluginManager: Mounting plugin ProceduralMeshComponent
LogPluginManager: Mounting plugin RuntimePhysXCooking
LogPluginManager: Mounting plugin SteamVR
LogPluginManager: Mounting plugin WindowsMoviePlayer
LogInit: Using libcurl 7.47.1
LogInit:  - built for x86_64-pc-win32
LogInit:  - supports SSL with OpenSSL/1.0.2g
LogInit:  - supports HTTP deflate (compression) using libz 1.2.8
LogInit:  - other features:
LogInit:      CURL_VERSION_SSL
LogInit:      CURL_VERSION_LIBZ
LogInit:      CURL_VERSION_IPV6
LogInit:      CURL_VERSION_ASYNCHDNS
LogInit:      CURL_VERSION_LARGEFILE
LogInit:      CURL_VERSION_IDN
LogInit:  CurlRequestOptions (configurable via config and command line):
LogInit:  - bVerifyPeer = false  - Libcurl will NOT verify peer certificate
LogInit:  - bUseHttpProxy = false  - Libcurl will NOT use HTTP proxy
LogInit:  - bDontReuseConnections = false  - Libcurl will reuse connections
LogInit:  - CertBundlePath = nullptr  - Libcurl will use whatever was configured at build time.
LogInit: Build: ++UE4+Release-4.18-CL-3754814
LogInit: Engine Version: 4.18.1-3754814+++UE4+Release-4.18
LogInit: Compatible Engine Version: 4.18.0-3709383+++UE4+Release-4.18
LogInit: Net CL: 3709383
LogDevObjectVersion: Number of dev versions registered: 16
LogDevObjectVersion:   Dev-Blueprints (B0D832E4-1F89-4F0D-ACCF-7EB736FD4AA2): 10
LogDevObjectVersion:   Dev-Build (E1C64328-A22C-4D53-A36C-8E866417BD8C): 0
LogDevObjectVersion:   Dev-Core (375EC13C-06E4-48FB-B500-84F0262A717E): 2
LogDevObjectVersion:   Dev-Editor (E4B068ED-F494-42E9-A231-DA0B2E46BB41): 20
LogDevObjectVersion:   Dev-Framework (CFFC743F-43B0-4480-9391-14DF171D2073): 30
LogDevObjectVersion:   Dev-Mobile (B02B49B5-BB20-44E9-A304-32B752E40360): 0
LogDevObjectVersion:   Dev-Networking (A4E4105C-59A1-49B5-A7C5-40C4547EDFEE): 0
LogDevObjectVersion:   Dev-Online (39C831C9-5AE6-47DC-9A44-9C173E1C8E7C): 0
LogDevObjectVersion:   Dev-Physics (78F01B33-EBEA-4F98-B9B4-84EACCB95AA2): 0
LogDevObjectVersion:   Dev-Platform (6631380F-2D4D-43E0-8009-CF276956A95A): 0
LogDevObjectVersion:   Dev-Rendering (12F88B9F-8875-4AFC-A67C-D90C383ABD29): 20
LogDevObjectVersion:   Dev-Sequencer (7B5AE74C-D270-4C10-A958-57980B212A5A): 4
LogDevObjectVersion:   Dev-VR (D7296918-1DD6-4BDD-9DE2-64A83CC13884): 0
LogDevObjectVersion:   Dev-LoadTimes (C2A15278-BFE7-4AFE-6C17-90FF531DF755): 1
LogDevObjectVersion:   Private-Geometry (6EACA3D4-40EC-4CC1-B786-8BED09428FC5): 1
LogDevObjectVersion:   Dev-AnimPhys (29E575DD-E0A3-4627-9D10-D276232CDCEA): 12
LogInit: Compiled (64-bit): Nov 14 2017 02:05:55
LogInit: Compiled with Visual C++: 19.00.24215.01
LogInit: Build Configuration: Development
LogInit: Branch Name: ++UE4+Release-4.18
LogInit: Command line:  
LogInit: Base directory: C:/Program Files/Epic Games/UE_4.18/Engine/Binaries/Win64/
LogInit: Installed Engine Build: 1
LogInit: Presizing for max 8388607 objects, including 0 objects not considered by GC, pre-allocating 0 bytes for permanent pool.
LogInit: Object subsystem initialized
[2017.11.29-07.54.53:082][  0]LogInit: Selected Device Profile: [Windows]
[2017.11.29-07.54.53:082][  0]LogInit: Applying CVar settings loaded from the selected device profile: [Windows]
[2017.11.29-07.54.53:099][  0]LogInit: Computer: DESKTOP-A54SF20
[2017.11.29-07.54.53:099][  0]LogInit: User: Justi
[2017.11.29-07.54.53:099][  0]LogInit: CPU Page size=4096, Cores=4
[2017.11.29-07.54.53:099][  0]LogInit: High frequency timer resolution =3.318390 MHz
[2017.11.29-07.54.53:099][  0]LogMemory: Memory total: Physical=15.9GB (16GB approx)
[2017.11.29-07.54.53:099][  0]LogMemory: Platform Memory Stats for Windows
[2017.11.29-07.54.53:099][  0]LogMemory: Process Physical Memory: 273.11 MB used, 273.11 MB peak
[2017.11.29-07.54.53:099][  0]LogMemory: Process Virtual Memory: 271.65 MB used, 271.65 MB peak
[2017.11.29-07.54.53:099][  0]LogMemory: Physical Memory: 6487.42 MB used,  9833.99 MB free, 16321.41 MB total
[2017.11.29-07.54.53:099][  0]LogMemory: Virtual Memory: 645.46 MB used,  9833.99 MB free, 134217728.00 MB total
[2017.11.29-07.54.53:225][  0]LogInit: Using OS detected language (en-US).
[2017.11.29-07.54.53:225][  0]LogInit: Using OS detected locale (en-US).
[2017.11.29-07.54.53:227][  0]LogTextLocalizationManager: No specific localization for 'en-US' exists, so the 'en' localization will be used.
[2017.11.29-07.54.53:620][  0]LogInit: Setting process to per monitor DPI aware
[2017.11.29-07.54.53:832][  0]LogD3D11RHI: D3D11 adapters:
[2017.11.29-07.54.53:868][  0]LogD3D11RHI:    0. 'NVIDIA GeForce GTX 780' (Feature Level 11_0)
[2017.11.29-07.54.53:868][  0]LogD3D11RHI:       3039/0/8160 MB DedicatedVideo/DedicatedSystem/SharedSystem, Outputs:1, VendorId:0x10de
[2017.11.29-07.54.53:869][  0]LogD3D11RHI:    1. 'Microsoft Basic Render Driver' (Feature Level 11_0)
[2017.11.29-07.54.53:869][  0]LogD3D11RHI:       0/0/8160 MB DedicatedVideo/DedicatedSystem/SharedSystem, Outputs:0, VendorId:0x1414
[2017.11.29-07.54.53:869][  0]LogD3D11RHI: Chosen D3D11 Adapter: 0
[2017.11.29-07.54.53:874][  0]LogD3D11RHI: Creating new Direct3DDevice
[2017.11.29-07.54.53:874][  0]LogD3D11RHI:     GPU DeviceId: 0x1004 (for the marketing name, search the web for "GPU Device Id")
[2017.11.29-07.54.53:874][  0]LogWindows: EnumDisplayDevices:
[2017.11.29-07.54.53:874][  0]LogWindows:    0. 'NVIDIA GeForce GTX 780' (P:1 D:1)
[2017.11.29-07.54.53:874][  0]LogWindows:    1. 'NVIDIA GeForce GTX 780' (P:0 D:0)
[2017.11.29-07.54.53:874][  0]LogWindows:    2. 'NVIDIA GeForce GTX 780' (P:0 D:0)
[2017.11.29-07.54.53:874][  0]LogWindows:    3. 'NVIDIA GeForce GTX 780' (P:0 D:0)
[2017.11.29-07.54.53:874][  0]LogWindows: DebugString: FoundDriverCount:4 
[2017.11.29-07.54.53:874][  0]LogD3D11RHI:     Adapter Name: NVIDIA GeForce GTX 780
[2017.11.29-07.54.53:874][  0]LogD3D11RHI:   Driver Version: 388.31 (internal:23.21.13.8831, unified:388.31)
[2017.11.29-07.54.53:874][  0]LogD3D11RHI:      Driver Date: 11-14-2017
[2017.11.29-07.54.53:874][  0]LogRHI: Texture pool is 2127 MB (70% of 3039 MB)
[2017.11.29-07.54.53:897][  0]LogD3D11RHI: Async texture creation enabled
[2017.11.29-07.54.53:948][  0]LogD3D11RHI: GPU Timing Frequency: 1000.000000 (Debug: 2 1)
[2017.11.29-07.54.53:996][  0]LogShaderCompilers: Guid format shader working directory is -31 characters bigger than the processId version (../../../../../../Users/Justi/Desktop/unreal_projects/2DShooterGame/Shooter2D/Intermediate/Shaders/WorkingDirectory/1212/).
[2017.11.29-07.54.53:996][  0]LogShaderCompilers: Cleaned the shader compiler working directory 'C:/Users/Justi/AppData/Local/Temp/UnrealShaderWorkingDir/CB7DB843422A9DBC9A1BF5B0CA8C352C/'.
[2017.11.29-07.54.53:996][  0]LogShaderCompilers: Display: Using Local Shader Compiler.
[2017.11.29-07.54.54:838][  0]LogTemp: Display: Loaded TP AllDesktopTargetPlatform
[2017.11.29-07.54.54:884][  0]LogTemp: Display: Loaded TP MacClientTargetPlatform
[2017.11.29-07.54.54:930][  0]LogTemp: Display: Loaded TP MacNoEditorTargetPlatform
[2017.11.29-07.54.54:976][  0]LogTemp: Display: Loaded TP MacServerTargetPlatform
[2017.11.29-07.54.55:022][  0]LogTemp: Display: Loaded TP MacTargetPlatform
[2017.11.29-07.54.55:069][  0]LogTemp: Display: Loaded TP WindowsClientTargetPlatform
[2017.11.29-07.54.55:114][  0]LogTemp: Display: Loaded TP WindowsNoEditorTargetPlatform
[2017.11.29-07.54.55:161][  0]LogTemp: Display: Loaded TP WindowsServerTargetPlatform
[2017.11.29-07.54.55:200][  0]LogTemp: Display: Loaded TP WindowsTargetPlatform
[2017.11.29-07.54.55:243][  0]LogTemp: Display: Loaded TP Android_ASTCTargetPlatform
[2017.11.29-07.54.55:288][  0]LogTemp: Display: Loaded TP Android_ATCTargetPlatform
[2017.11.29-07.54.55:333][  0]LogTemp: Display: Loaded TP Android_DXTTargetPlatform
[2017.11.29-07.54.55:376][  0]LogTemp: Display: Loaded TP Android_ETC1TargetPlatform
[2017.11.29-07.54.55:420][  0]LogTemp: Display: Loaded TP Android_ETC2TargetPlatform
[2017.11.29-07.54.55:509][  0]LogTemp: Display: Loaded TP Android_MultiTargetPlatform
[2017.11.29-07.54.55:509][  0]LogTemp: Display: Loaded TP Android_PVRTCTargetPlatform
[2017.11.29-07.54.55:553][  0]LogTemp: Display: Loaded TP AndroidTargetPlatform
[2017.11.29-07.54.55:586][  0]LogTemp: Display: Loaded TP HTML5TargetPlatform
[2017.11.29-07.54.55:668][  0]LogTemp: Display: Loaded TP IOSTargetPlatform
[2017.11.29-07.54.55:693][  0]LogTemp: Display: Loaded TP TVOSTargetPlatform
[2017.11.29-07.54.55:737][  0]LogTemp: Display: Loaded TP LinuxClientTargetPlatform
[2017.11.29-07.54.55:782][  0]LogTemp: Display: Loaded TP LinuxNoEditorTargetPlatform
[2017.11.29-07.54.55:826][  0]LogTemp: Display: Loaded TP LinuxServerTargetPlatform
[2017.11.29-07.54.55:870][  0]LogTemp: Display: Loaded TP LinuxTargetPlatform
[2017.11.29-07.54.55:870][  0]LogTargetPlatformManager: Display: Building Assets For Windows
[2017.11.29-07.54.56:266][  0]LogDerivedDataCache: Display: Max Cache Size: 512 MB
[2017.11.29-07.54.56:344][  0]LogDerivedDataCache: Loaded boot cache 0.08s 78MB C:/Users/Justi/AppData/Local/UnrealEngine/4.18/DerivedDataCache/Boot.ddc.
[2017.11.29-07.54.56:344][  0]LogDerivedDataCache: Display: Loaded Boot cache: C:/Users/Justi/AppData/Local/UnrealEngine/4.18/DerivedDataCache/Boot.ddc
[2017.11.29-07.54.56:344][  0]LogDerivedDataCache: FDerivedDataBackendGraph:  Pak pak cache file ../../../../../../Users/Justi/Desktop/unreal_projects/2DShooterGame/Shooter2D/DerivedDataCache/DDC.ddp not found, will not use a pak cache.
[2017.11.29-07.54.56:344][  0]LogDerivedDataCache: Unable to find inner node Pak for hierarchical cache Hierarchy.
[2017.11.29-07.54.56:344][  0]LogDerivedDataCache: FDerivedDataBackendGraph:  CompressedPak pak cache file ../../../../../../Users/Justi/Desktop/unreal_projects/2DShooterGame/Shooter2D/DerivedDataCache/Compressed.ddp not found, will not use a pak cache.
[2017.11.29-07.54.56:344][  0]LogDerivedDataCache: Unable to find inner node CompressedPak for hierarchical cache Hierarchy.
[2017.11.29-07.54.56:359][  0]LogDerivedDataCache: Display: Pak cache opened for reading ../../../Engine/DerivedDataCache/Compressed.ddp.
[2017.11.29-07.54.56:371][  0]LogDerivedDataCache: Using Local data cache path C:/Users/Justi/AppData/Local/UnrealEngine/Common/DerivedDataCache: Writable
[2017.11.29-07.54.56:381][  0]LogMaterial: Verifying Global Shaders for PCD3D_SM5
[2017.11.29-07.54.56:381][  0]LogSlate: Using Freetype 2.6.0
[2017.11.29-07.54.56:382][  0]LogSlate: SlateFontCache - WITH_FREETYPE: 1, WITH_HARFBUZZ: 1
[2017.11.29-07.54.56:382][  0]LogSlate: SlateFontCache - WITH_FREETYPE: 1, WITH_HARFBUZZ: 1
[2017.11.29-07.54.56:716][  0]LogInit: Selected Device Profile: [Windows]
[2017.11.29-07.54.57:008][  0]LogSimplygon: Simplygon DLL not present - disabling.
[2017.11.29-07.54.57:042][  0]LogMeshReduction: Using SimplygonSwarm for distributed automatic mesh merging
[2017.11.29-07.54.57:042][  0]LogMeshReduction: Using QuadricMeshReduction for automatic static mesh reduction
[2017.11.29-07.54.57:042][  0]LogMeshReduction: No automatic skeletal mesh reduction module available
[2017.11.29-07.54.57:042][  0]LogMeshReduction: No automatic mesh merging module available
[2017.11.29-07.54.57:042][  0]LogMeshMerging: No automatic mesh merging module available
[2017.11.29-07.54.57:066][  0]LogNetVersion: Shooter2D , NetCL: 3709383, EngineNetVer: 2, GameNetVer: 0 (Checksum: 4188021692)
[2017.11.29-07.54.57:215][  0]LogAssetRegistry: FAssetRegistry took 0.0256 seconds to start up
[2017.11.29-07.54.57:686][  0]LogPackageLocalizationCache: Processed 7 localized package path(s) for 2 prioritized culture(s) in 0.068889 seconds
[2017.11.29-07.54.57:691][  0]LogUObjectArray: 35900 objects as part of root set at end of initial load.
[2017.11.29-07.54.57:691][  0]LogUObjectAllocator: 7372024 out of 0 bytes used by permanent object pool.
[2017.11.29-07.54.57:691][  0]LogUObjectArray: CloseDisregardForGC: 0/0 objects in disregard for GC pool
[2017.11.29-07.54.57:735][  0]LogInit: WinSock: version 1.1 (2.2), MaxSocks=32767, MaxUdp=65467
[2017.11.29-07.55.00:124][  0]LogTcpMessaging: Initializing TcpMessaging bridge
[2017.11.29-07.55.00:162][  0]LogUdpMessaging: Initializing bridge on interface 0.0.0.0:0 to multicast group 230.0.0.1:6666.
[2017.11.29-07.55.00:744][  0]LogMaterial: Uniform references updated for custom material expression Custom.
[2017.11.29-07.55.01:111][  0]SourceControl: Source control is disabled
[2017.11.29-07.55.02:091][  0]LogAndroidPermission: UAndroidPermissionCallbackProxy::GetInstance
[2017.11.29-07.55.02:320][  0]LogOcInput: OculusInput pre-init called
[2017.11.29-07.55.02:570][  0]LogEngine: Initializing Engine...
[2017.11.29-07.55.02:572][  0]LogHMD: Failed to initialize OpenVR with code 110
[2017.11.29-07.55.02:775][  0]LogStats: UGameplayTagsManager::ConstructGameplayTagTree: Construct from data asset -  0.000 s
[2017.11.29-07.55.02:775][  0]LogStats: UGameplayTagsManager::ConstructGameplayTagTree: GameplayTagTreeChangedEvent.Broadcast -  0.000 s
[2017.11.29-07.55.02:885][  0]LogAIModule: Creating AISystem for world Untitled
[2017.11.29-07.55.02:894][  0]LogInit: XAudio2 using 'Headset Earphone (HyperX 7.1 Audio)' : 2 channels at 44.1 kHz using 16 bits per sample (channel mask 0x3)
[2017.11.29-07.55.02:904][  0]LogInit: FAudioDevice initialized.
[2017.11.29-07.55.02:988][  0]LogDerivedDataCache: Saved boot cache 0.08s 78MB C:/Users/Justi/AppData/Local/UnrealEngine/4.18/DerivedDataCache/Boot.ddc.
[2017.11.29-07.55.03:001][  0]LogInit: Texture streaming: Enabled
[2017.11.29-07.55.03:085][  0]LogEngineSessionManager: EngineSessionManager initialized
[2017.11.29-07.55.03:198][  0]LogInit: Transaction tracking system initialized
[2017.11.29-07.55.03:462][  0]BlueprintLog: New page: Editor Load
[2017.11.29-07.55.04:210][  0]LocalizationService: Localization service is disabled
[2017.11.29-07.55.04:982][  0]LogConsoleResponse: Display: 
[2017.11.29-07.55.05:147][  0]LogCook: Display: Max memory allowance for cook 16384mb min free memory 0mb
[2017.11.29-07.55.05:147][  0]LogCook: Display: Mobile HDR setting 1
[2017.11.29-07.55.05:147][  0]LogGameplayTags: Display: UGameplayTagsManager::DoneAddingNativeTags. DelegateIsBound: 0
[2017.11.29-07.55.05:275][  0]LogFileCache: Scanning file cache for directory 'C:/Users/Justi/Desktop/unreal_projects/2DShooterGame/Shooter2D/Content/' took 0.03s
[2017.11.29-07.55.06:161][  0]Cmd: MAP LOAD FILE="../../../../../../Users/Justi/Desktop/unreal_projects/2DShooterGame/Shooter2D/Content/Levels/new_map.umap" TEMPLATE=0 SHOWPROGRESS=1 FEATURELEVEL=3
[2017.11.29-07.55.06:168][  0]LightingResults: New page: Lighting Build
[2017.11.29-07.55.06:203][  0]MapCheck: New page: Map Check
[2017.11.29-07.55.06:203][  0]LightingResults: New page: Lighting Build
[2017.11.29-07.55.14:674][  0]LogAIModule: Creating AISystem for world new_map
[2017.11.29-07.55.14:683][  0]LogEditorServer: Finished looking for orphan Actors (0.000 secs)
[2017.11.29-07.55.14:696][  0]Cmd: MAP CHECKDEP NOCLEARLOG
[2017.11.29-07.55.14:860][  0]MapCheck: Map check complete: 0 Error(s), 0 Warning(s), took 163.777ms to complete.
[2017.11.29-07.55.14:860][  0]LogFileHelpers: Loading map 'new_map' took 8.699
[2017.11.29-07.55.14:986][  0]LogCollectionManager: Loaded 0 collections in 0.001491 seconds
[2017.11.29-07.55.15:061][  0]LogFileCache: Scanning file cache for directory 'C:/Users/Justi/Desktop/unreal_projects/2DShooterGame/Shooter2D/Saved/Collections/' took 0.01s
[2017.11.29-07.55.15:061][  0]LogFileCache: Scanning file cache for directory 'C:/Users/Justi/Desktop/unreal_projects/2DShooterGame/Shooter2D/Content/Developers/Justi/Collections/' took 0.01s
[2017.11.29-07.55.15:061][  0]LogFileCache: Scanning file cache for directory 'C:/Users/Justi/Desktop/unreal_projects/2DShooterGame/Shooter2D/Content/Collections/' took 0.01s
[2017.11.29-07.55.15:061][  0]LogCollectionManager: Rebuilt the GUID cache for 0 collections in 0.000000 seconds
[2017.11.29-07.55.15:068][  0]LogContentBrowser: Native class hierarchy populated in 0.0073 seconds. Added 2363 classes and 519 folders.
[2017.11.29-07.55.15:123][  0]LogContentBrowser: Native class hierarchy updated for 'WidgetCarousel' in 0.0002 seconds. Added 0 classes and 0 folders.
[2017.11.29-07.55.15:153][  0]LogContentBrowser: Native class hierarchy updated for 'AddContentDialog' in 0.0002 seconds. Added 0 classes and 0 folders.
[2017.11.29-07.55.15:192][  0]LogContentBrowser: Native class hierarchy updated for 'SceneOutliner' in 0.0002 seconds. Added 1 classes and 2 folders.
[2017.11.29-07.55.15:211][  0]LogSlate: Took 0.000210 seconds to synchronously load lazily loaded font '../../../Engine/Content/Slate/Fonts/Roboto-Regular.ttf' (155K)
[2017.11.29-07.55.15:213][  0]LogSlate: Took 0.000145 seconds to synchronously load lazily loaded font '../../../Engine/Content/Slate/Fonts/Roboto-Bold.ttf' (160K)
[2017.11.29-07.55.15:218][  0]LogSlate: Took 0.000253 seconds to synchronously load lazily loaded font '../../../Engine/Content/Editor/Slate/Fonts/FontAwesome.ttf' (139K)
[2017.11.29-07.55.15:365][  0]LogRenderer: Reallocating scene render targets to support 1208x680 Format 10 NumSamples 1 (Frame:1).
[2017.11.29-07.55.15:567][  0]LogContentBrowser: Native class hierarchy updated for 'HierarchicalLODOutliner' in 0.0003 seconds. Added 1 classes and 2 folders.
[2017.11.29-07.55.15:567][  0]LogLoad: (Engine Initialization) Total time: 24.50 seconds
[2017.11.29-07.55.15:567][  0]LogLoad: (Engine Initialization) Total Blueprint compile time: 0.00 seconds
[2017.11.29-07.55.15:567][  0]LogExternalProfiler: Found external profiler: VSPerf
[2017.11.29-07.55.15:567][  0]LogExternalProfiler: Using external profiler: VSPerf
[2017.11.29-07.55.15:577][  0]LogWindowsTextInputMethodSystem: Display: IME system now deactivated.
[2017.11.29-07.55.15:597][  0]SourceControl: On branch master
[2017.11.29-07.55.15:597][  0]SourceControl: Your branch is up-to-date with 'origin/master'.
[2017.11.29-07.55.15:597][  0]SourceControl: Changes not staged for commit:
[2017.11.29-07.55.15:597][  0]SourceControl:   (use "git add/rm <file>..." to update what will be committed)
[2017.11.29-07.55.15:597][  0]SourceControl:   (use "git checkout -- <file>..." to discard changes in working directory)
[2017.11.29-07.55.15:597][  0]SourceControl: 	deleted:    Shooter2D/Content/Sprites/2DBackground_Sprite.uasset
[2017.11.29-07.55.15:597][  0]SourceControl: 	deleted:    Shooter2D/Content/Sprites/gamebackground.uasset
[2017.11.29-07.55.15:597][  0]SourceControl: 	deleted:    Shooter2D/Content/Sprites/new_gamebackground.uasset
[2017.11.29-07.55.15:597][  0]SourceControl: 	deleted:    Shooter2D/Content/Sprites/new_gamebackground_Sprite.uasset
[2017.11.29-07.55.15:597][  0]SourceControl: 	modified:   Shooter2D/Intermediate/AssetRegistryCache/1d5167fa.bin
[2017.11.29-07.55.15:597][  0]SourceControl: 	modified:   Shooter2D/Intermediate/AssetRegistryCache/1f683343.bin
[2017.11.29-07.55.15:597][  0]SourceControl: 	modified:   Shooter2D/Intermediate/AssetRegistryCache/2657c409.bin
[2017.11.29-07.55.15:597][  0]SourceControl: 	modified:   Shooter2D/Intermediate/AssetRegistryCache/5a627529.bin
[2017.11.29-07.55.15:597][  0]SourceControl: 	modified:   Shooter2D/Intermediate/AssetRegistryCache/866581fd.bin
[2017.11.29-07.55.15:597][  0]SourceControl: 	modified:   Shooter2D/Intermediate/AssetRegistryCache/8c0e1344.bin
[2017.11.29-07.55.15:597][  0]SourceControl: 	modified:   Shooter2D/Intermediate/AssetRegistryCache/94c5d5a7.bin
[2017.11.29-07.55.15:597][  0]SourceControl: 	modified:   Shooter2D/Intermediate/AssetRegistryCache/bf121eca.bin
[2017.11.29-07.55.15:597][  0]SourceControl: 	modified:   Shooter2D/Intermediate/AssetRegistryCache/c90e3f55.bin
[2017.11.29-07.55.15:597][  0]SourceControl: 	modified:   Shooter2D/Intermediate/AssetRegistryCache/cef2e191.bin
[2017.11.29-07.55.15:597][  0]SourceControl: 	modified:   Shooter2D/Intermediate/AssetRegistryCache/f0d5030c.bin
[2017.11.29-07.55.15:597][  0]SourceControl: 	modified:   Shooter2D/Intermediate/Config/CoalescedSourceConfigs/DeviceProfiles.ini
[2017.11.29-07.55.15:597][  0]SourceControl: 	modified:   Shooter2D/Intermediate/Config/CoalescedSourceConfigs/Editor.ini
[2017.11.29-07.55.15:597][  0]SourceControl: 	modified:   Shooter2D/Intermediate/Config/CoalescedSourceConfigs/EditorPerProjectUserSettings.ini
[2017.11.29-07.55.15:597][  0]SourceControl: 	modified:   Shooter2D/Intermediate/Config/CoalescedSourceConfigs/EditorSettings.ini
[2017.11.29-07.55.15:597][  0]SourceControl: 	modified:   Shooter2D/Intermediate/Config/CoalescedSourceConfigs/Engine.ini
[2017.11.29-07.55.15:597][  0]SourceControl: 	modified:   Shooter2D/Intermediate/Config/CoalescedSourceConfigs/Game.ini
[2017.11.29-07.55.15:597][  0]SourceControl: 	modified:   Shooter2D/Intermediate/Config/CoalescedSourceConfigs/Input.ini
[2017.11.29-07.55.15:597][  0]SourceControl: 	modified:   Shooter2D/Intermediate/Config/CoalescedSourceConfigs/Lightmass.ini
[2017.11.29-07.55.15:597][  0]SourceControl: 	modified:   Shooter2D/Intermediate/Config/CoalescedSourceConfigs/Scalability.ini
[2017.11.29-07.55.15:597][  0]SourceControl: 	modified:   Shooter2D/Saved/AutoScreenshot.png
[2017.11.29-07.55.15:597][  0]SourceControl: 	modified:   Shooter2D/Saved/Autosaves/Game/Levels/UEDPCnew_map.umap
[2017.11.29-07.55.15:597][  0]SourceControl: 	deleted:    Shooter2D/Saved/Config/CrashReportClient/UE4CC-Windows-1026D4A24B28615E8E60D8A7A23458F1/CrashReportClient.ini
[2017.11.29-07.55.15:597][  0]SourceControl: 	deleted:    Shooter2D/Saved/Config/CrashReportClient/UE4CC-Windows-380F468D47308509139F8883EEDCFD75/CrashReportClient.ini
[2017.11.29-07.55.15:597][  0]SourceControl: 	deleted:    Shooter2D/Saved/Config/CrashReportClient/UE4CC-Windows-B3C92B214A449ABB4A34F9AEE9276172/CrashReportClient.ini
[2017.11.29-07.55.15:598][  0]SourceControl: 	deleted:    Shooter2D/Saved/Config/CrashReportClient/UE4CC-Windows-BAE0CD7E4AC925DA536F7CA9FB1C007D/CrashReportClient.ini
[2017.11.29-07.55.15:598][  0]SourceControl: 	deleted:    Shooter2D/Saved/Config/CrashReportClient/UE4CC-Windows-C06BF4824B2AE46692B8F78C7762B2EA/CrashReportClient.ini
[2017.11.29-07.55.15:598][  0]SourceControl: 	deleted:    Shooter2D/Saved/Config/CrashReportClient/UE4CC-Windows-F68A9E474FD69460C515D88343E35CA3/CrashReportClient.ini
[2017.11.29-07.55.15:598][  0]SourceControl: 	deleted:    Shooter2D/Saved/Config/CrashReportClient/UE4CC-Windows-FAD5CE8342ADE86B54F8C0B3F924007A/CrashReportClient.ini
[2017.11.29-07.55.15:598][  0]SourceControl: 	modified:   Shooter2D/Saved/Config/Windows/Engine.ini
[2017.11.29-07.55.15:598][  0]SourceControl: 	modified:   Shooter2D/Saved/Config/Windows/Game.ini
[2017.11.29-07.55.15:598][  0]SourceControl: 	modified:   Shooter2D/Shooter2D.uproject
[2017.11.29-07.55.15:598][  0]SourceControl: Untracked files:
[2017.11.29-07.55.15:598][  0]SourceControl:   (use "git add <file>..." to include in what will be committed)
[2017.11.29-07.55.15:598][  0]SourceControl: 	Shooter2D/Intermediate/AssetRegistryCache/2f5244c7.bin
[2017.11.29-07.55.15:598][  0]SourceControl: 	Shooter2D/Intermediate/AssetRegistryCache/44c3f9c9.bin
[2017.11.29-07.55.15:598][  0]SourceControl: 	Shooter2D/Intermediate/AssetRegistryCache/50d6f4e0.bin
[2017.11.29-07.55.15:598][  0]SourceControl: 	Shooter2D/Intermediate/AssetRegistryCache/52ed2538.bin
[2017.11.29-07.55.15:598][  0]SourceControl: no changes added to commit (use "git add" and/or "git commit -a")
[2017.11.29-07.55.15:598][  0]LogContentStreaming: Texture pool size now 1000 MB
[2017.11.29-07.55.15:626][  0]LogSlate: Took 0.000161 seconds to synchronously load lazily loaded font '../../../Engine/Content/Slate/Fonts/Roboto-Light.ttf' (159K)
[2017.11.29-07.55.15:646][  1]LogAssetRegistry: Asset discovery search completed in 18.4520 seconds
[2017.11.29-07.55.15:649][  1]LogCollectionManager: Rebuilt the object cache for 0 collections in 0.000000 seconds (found 0 objects)
[2017.11.29-07.55.15:649][  1]LogCollectionManager: Fixed up redirectors for 0 collections in 0.000046 seconds (updated 0 objects)
[2017.11.29-07.55.16:597][ 96]LogSlate: Took 0.000150 seconds to synchronously load lazily loaded font '../../../Engine/Content/Slate/Fonts/Roboto-Light.ttf' (159K)
[2017.11.29-07.55.34:527][166]LogLinker: Warning: Can't find file '/Game/Sprites/gamebackground'
[2017.11.29-07.55.34:527][166]LogLinker: Warning: Can't find file for asset '/Game/Sprites/gamebackground' while loading ../../../../../../Users/Justi/Desktop/unreal_projects/2DShooterGame/Shooter2D/Content/Sprites/gamebackground_Sprite.uasset.
[2017.11.29-07.55.34:527][166]LoadErrors: Error: /Game/Sprites/gamebackground_Sprite : Can't find file for asset. /Game/Sprites/gamebackground
[2017.11.29-07.55.34:528][166]LogLinker: Warning: Can't find file '/Game/Sprites/gamebackground'
[2017.11.29-07.55.34:528][166]LogLinker: Warning: Can't find file for asset '/Game/Sprites/gamebackground' while loading ../../../../../../Users/Justi/Desktop/unreal_projects/2DShooterGame/Shooter2D/Content/Sprites/gamebackground_Sprite.uasset.
[2017.11.29-07.55.34:528][166]LogLinker: Warning: Can't find file '/Game/Sprites/gamebackground'
[2017.11.29-07.55.34:528][166]LoadErrors: Failed to load /Game/Sprites/gamebackground.gamebackground Referenced by gamebackground_Sprite
[2017.11.29-07.55.34:528][166]LogLinker: Warning: Can't find file for asset '/Game/Sprites/gamebackground' while loading NULL.
[2017.11.29-07.55.34:565][166]LogSlate: Took 0.000140 seconds to synchronously load lazily loaded font '../../../Engine/Content/Slate/Fonts/Roboto-Light.ttf' (159K)
[2017.11.29-07.55.34:693][166]LogSlate: Took 0.000289 seconds to synchronously load lazily loaded font '../../../Engine/Content/Editor/Slate/Fonts/Roboto-BoldCondensed.ttf' (158K)
[2017.11.29-07.55.34:816][166]LogRenderer: Reallocating scene render targets to support 1528x920 Format 10 NumSamples 1 (Frame:1).
